Using pre-set license
Built from '2022.3/staging' branch; Version is '2022.3.26f1 (ec6cd8118806) revision 15494360'; Using compiler version '192829333'; Build Type 'Release'
OS: 'Windows 10  (10.0.19045) 64bit Core' Language: 'tr' Physical Memory: 32607 MB
BatchMode: 1, IsHumanControllingUs: 0, StartBugReporterOnCrash: 0, Is64bit: 1, IsPro: 1

COMMAND LINE ARGUMENTS:
C:\Program Files\Unity\Hub\Editor\2022.3.26f1\Editor\Unity.exe
-adb2
-batchMode
-noUpm
-name
AssetImportWorker9
-projectPath
C:/Users/90535/Desktop/Arduwand Academy/UnityProject
-logFile
Logs/AssetImportWorker9.log
-srvPort
6267
Successfully changed project path to: C:/Users/90535/Desktop/Arduwand Academy/UnityProject
C:/Users/90535/Desktop/Arduwand Academy/UnityProject
[UnityMemory] Configuration Parameters - Can be set up in boot.config
    "memorysetup-bucket-allocator-granularity=16"
    "memorysetup-bucket-allocator-bucket-count=8"
    "memorysetup-bucket-allocator-block-size=33554432"
    "memorysetup-bucket-allocator-block-count=8"
    "memorysetup-main-allocator-block-size=16777216"
    "memorysetup-thread-allocator-block-size=16777216"
    "memorysetup-gfx-main-allocator-block-size=16777216"
    "memorysetup-gfx-thread-allocator-block-size=16777216"
    "memorysetup-cache-allocator-block-size=4194304"
    "memorysetup-typetree-allocator-block-size=2097152"
    "memorysetup-profiler-bucket-allocator-granularity=16"
    "memorysetup-profiler-bucket-allocator-bucket-count=8"
    "memorysetup-profiler-bucket-allocator-block-size=33554432"
    "memorysetup-profiler-bucket-allocator-block-count=8"
    "memorysetup-profiler-allocator-block-size=16777216"
    "memorysetup-profiler-editor-allocator-block-size=1048576"
    "memorysetup-temp-allocator-size-main=16777216"
    "memorysetup-job-temp-allocator-block-size=2097152"
    "memorysetup-job-temp-allocator-block-size-background=1048576"
    "memorysetup-job-temp-allocator-reduction-small-platforms=262144"
    "memorysetup-allocator-temp-initial-block-size-main=262144"
    "memorysetup-allocator-temp-initial-block-size-worker=262144"
    "memorysetup-temp-allocator-size-background-worker=32768"
    "memorysetup-temp-allocator-size-job-worker=262144"
    "memorysetup-temp-allocator-size-preload-manager=33554432"
    "memorysetup-temp-allocator-size-nav-mesh-worker=65536"
    "memorysetup-temp-allocator-size-audio-worker=65536"
    "memorysetup-temp-allocator-size-cloud-worker=32768"
    "memorysetup-temp-allocator-size-gi-baking-worker=262144"
    "memorysetup-temp-allocator-size-gfx=262144"
Player connection [22692] Host "[IP] 10.85.14.122 [Port] 0 [Flags] 2 [Guid] 3223356537 [EditorId] 3223356537 [Version] 1048832 [Id] WindowsEditor(7,DESKTOP-57UG6SP) [Debug] 1 [PackageName] WindowsEditor [ProjectName] Editor" joined multi-casting on [225.0.0.222:54997]...

Player connection [22692] Host "[IP] 10.85.14.122 [Port] 0 [Flags] 2 [Guid] 3223356537 [EditorId] 3223356537 [Version] 1048832 [Id] WindowsEditor(7,DESKTOP-57UG6SP) [Debug] 1 [PackageName] WindowsEditor [ProjectName] Editor" joined alternative multi-casting on [225.0.0.222:34997]...

[Physics::Module] Initialized MultithreadedJobDispatcher with 11 workers.
Refreshing native plugins compatible for Editor in 19.23 ms, found 5 plugins.
Preloading 0 native plugins for Editor in 0.00 ms.
Initialize engine version: 2022.3.26f1 (ec6cd8118806)
[Subsystems] Discovering subsystems at path C:/Program Files/Unity/Hub/Editor/2022.3.26f1/Editor/Data/Resources/UnitySubsystems
[Subsystems] Discovering subsystems at path C:/Users/90535/Desktop/Arduwand Academy/UnityProject/Assets
GfxDevice: creating device client; threaded=0; jobified=0
Direct3D:
    Version:  Direct3D 11.0 [level 11.1]
    Renderer: NVIDIA GeForce RTX 2080 with Max-Q Design (ID=0x1e90)
    Vendor:   NVIDIA
    VRAM:     7989 MB
    Driver:   32.0.15.6614
Initialize mono
Mono path[0] = 'C:/Program Files/Unity/Hub/Editor/2022.3.26f1/Editor/Data/Managed'
Mono path[1] = 'C:/Program Files/Unity/Hub/Editor/2022.3.26f1/Editor/Data/MonoBleedingEdge/lib/mono/unityjit-win32'
Mono config path = 'C:/Program Files/Unity/Hub/Editor/2022.3.26f1/Editor/Data/MonoBleedingEdge/etc'
Using monoOptions --debugger-agent=transport=dt_socket,embedding=1,server=y,suspend=n,address=127.0.0.1:56536
Begin MonoManager ReloadAssembly
Registering precompiled unity dll's ...
Register platform support module: C:/Program Files/Unity/Hub/Editor/2022.3.26f1/Editor/Data/PlaybackEngines/WindowsStandaloneSupport/UnityEditor.WindowsStandalone.Extensions.dll
Registered in 0.011599 seconds.
- Loaded All Assemblies, in  0.518 seconds
Native extension for WindowsStandalone target not found
Mono: successfully reloaded assembly
- Finished resetting the current domain, in  0.388 seconds
Domain Reload Profiling: 903ms
	BeginReloadAssembly (149ms)
		ExecutionOrderSort (0ms)
		DisableScriptedObjects (0ms)
		BackupInstance (0ms)
		ReleaseScriptingObjects (0ms)
		CreateAndSetChildDomain (1ms)
	RebuildCommonClasses (58ms)
	RebuildNativeTypeToScriptingClass (16ms)
	initialDomainReloadingComplete (82ms)
	LoadAllAssembliesAndSetupDomain (210ms)
		LoadAssemblies (145ms)
		RebuildTransferFunctionScriptingTraits (0ms)
		AnalyzeDomain (208ms)
			TypeCache.Refresh (206ms)
				TypeCache.ScanAssembly (187ms)
			ScanForSourceGeneratedMonoScriptInfo (0ms)
			ResolveRequiredComponents (0ms)
	FinalizeReload (389ms)
		ReleaseScriptCaches (0ms)
		RebuildScriptCaches (0ms)
		SetupLoadedEditorAssemblies (307ms)
			LogAssemblyErrors (0ms)
			InitializePlatformSupportModulesInManaged (13ms)
			SetLoadedEditorAssemblies (11ms)
			RefreshPlugins (0ms)
			BeforeProcessingInitializeOnLoad (2ms)
			ProcessInitializeOnLoadAttributes (212ms)
			ProcessInitializeOnLoadMethodAttributes (68ms)
			AfterProcessingInitializeOnLoad (0ms)
			EditorAssembliesLoaded (0ms)
		ExecutionOrderSort2 (0ms)
		AwakeInstancesAfterBackupRestoration (0ms)
========================================================================
Worker process is ready to serve import requests
Begin MonoManager ReloadAssembly
- Loaded All Assemblies, in  0.971 seconds
Refreshing native plugins compatible for Editor in 7.65 ms, found 5 plugins.
Native extension for WindowsStandalone target not found
Package Manager log level set to [2]
[Package Manager] Server::EnsureServerProcessIsRunning -- launch failed, reason: Unity was launched with the -noUpm command-line argument
[Package Manager] UpmClient::Send -- Unable to send message (not connected to UPM process).
[Package Manager] Cannot connect to Unity Package Manager local server
Mono: successfully reloaded assembly
- Finished resetting the current domain, in  0.988 seconds
Domain Reload Profiling: 1953ms
	BeginReloadAssembly (224ms)
		ExecutionOrderSort (0ms)
		DisableScriptedObjects (14ms)
		BackupInstance (0ms)
		ReleaseScriptingObjects (0ms)
		CreateAndSetChildDomain (32ms)
	RebuildCommonClasses (66ms)
	RebuildNativeTypeToScriptingClass (16ms)
	initialDomainReloadingComplete (87ms)
	LoadAllAssembliesAndSetupDomain (572ms)
		LoadAssemblies (444ms)
		RebuildTransferFunctionScriptingTraits (0ms)
		AnalyzeDomain (246ms)
			TypeCache.Refresh (207ms)
				TypeCache.ScanAssembly (186ms)
			ScanForSourceGeneratedMonoScriptInfo (24ms)
			ResolveRequiredComponents (14ms)
	FinalizeReload (988ms)
		ReleaseScriptCaches (0ms)
		RebuildScriptCaches (0ms)
		SetupLoadedEditorAssemblies (750ms)
			LogAssemblyErrors (0ms)
			InitializePlatformSupportModulesInManaged (8ms)
			SetLoadedEditorAssemblies (4ms)
			RefreshPlugins (0ms)
			BeforeProcessingInitializeOnLoad (89ms)
			ProcessInitializeOnLoadAttributes (554ms)
			ProcessInitializeOnLoadMethodAttributes (87ms)
			AfterProcessingInitializeOnLoad (9ms)
			EditorAssembliesLoaded (0ms)
		ExecutionOrderSort2 (0ms)
		AwakeInstancesAfterBackupRestoration (12ms)
Launched and connected shader compiler UnityShaderCompiler.exe after 0.08 seconds
Refreshing native plugins compatible for Editor in 11.21 ms, found 5 plugins.
Preloading 0 native plugins for Editor in 0.00 ms.
Unloading 3735 Unused Serialized files (Serialized files now loaded: 0)
Unloading 68 unused Assets / (351.4 KB). Loaded Objects now: 4211.
Memory consumption went from 187.9 MB to 187.5 MB.
Total: 5.787700 ms (FindLiveObjects: 0.445300 ms CreateObjectMapping: 0.391600 ms MarkObjects: 4.554900 ms  DeleteObjects: 0.394200 ms)

AssetImportParameters requested are different than current active one (requested -> active):
  custom:scripting/monoscript/fileName/TCP2_GradientManager.cs: 278cc220eab6a76d5547f907e6bf341b -> a8cb5740870b39e316c8a7c50874ce30
  custom:scripting/monoscript/fileName/DOTweenModuleUtils.cs: 15d48e09d39dac1c10cb90ce412479e2 -> 38034ef06fb9b5354f8031bb85ea45ff
  custom:container-demuxer-ogg: 62fdf1f143b41e24485cea50d1cbac27 -> 
  custom:scripting/monoscript/fileName/DOTweenPreviewManager.cs: 1f9ce376c2c8495fb72902afee550122 -> 6704a79409e29b4269b1101c34c01cae
  custom:scripting/monoscript/fileName/TCP2_ShaderGeneratorUtils.cs: a0adca4782ea64773605b40d162a9df3 -> 9c7aac7c5398a863aa5ef5699292a33b
  custom:scripting/monoscript/fileName/DOTweenAnimation.cs: 90b45a4272fbde2a29c3ff3569966d7a -> 4a5a560491b0dd6a8d490a6dbba57b66
  custom:scripting/monoscript/fileName/DOTweenAnimationInspector.cs: 5e65346a488769de5beba36b681f2618 -> e27a09f17535690c994d7a0dd75cccb7
  custom:video-decoder-ogg-theora: a1e56fd34408186e4bbccfd4996cb3dc -> 
  custom:scripting/monoscript/fileName/TCP2_GetPosOnWater_Editor.cs: 7822a0f067c01baa1b81ed79d12da0fe -> ce4559eba0076e67582edc9e5cd1bf3a
  custom:scripting/monoscript/fileName/DOTweenModuleUnityVersion.cs: e97169575460a7f2fc37c29fb9fd6cd8 -> 9ffd9acf63f9ee240a8629c063d5ab55
  custom:scripting/monoscript/fileName/DOTweenModuleUI.cs: f3e579cd0427a2bcd02c4d01a7f51c0c -> 654d9cd56dfcd95536bd076e934e53a9
  custom:framework-win-MediaFoundation: 216162199b28c13a410421893ffa2e32 -> 
  custom:scripting/monoscript/fileName/TCP2_Demo_GammaLinear.cs: a301b20cfe52e54d8b969b6f1b9161cb -> 9b7c2994c22cc1ae4569b1561ecbc092
  custom:scripting/monoscript/fileName/TCP2_GUI.cs: f38f9236e159043dfa69e30b5507b418 -> 9da1aa00fa03a8cbbe4fb2bfbd8b3735
  custom:scripting/monoscript/fileName/TCP2_RuntimeUtils.cs: 97b389e9be98e2a2ff1e249da6ef240c -> 0ab6ce00215d9042340fffb5effaa22e
  custom:scripting/monoscript/fileName/TCP2_Demo.cs: d0ae782d81242264a784615050ef97ce -> d723dfcac419f4895949a39c4d29ee8d
  custom:CustomObjectIndexerAttribute: 72b91833f83ae208fae7752999fa3104 -> 
  custom:scripting/monoscript/fileName/TCP2_Demo_PBS_View.cs: 71e8c76bcfb265133e2d39864df4223d -> dd280999e0d1d12ca64897c346ccea4f
  custom:scripting/monoscript/fileName/TCP2_Demo_Cat.cs: bf4aea96b1f715a2bf352d755d272b7f -> 3e79dfe4aa38c166736ec6105bb2f0b0
  custom:container-demuxer-webm: 4f35f7cbe854078d1ac9338744f61a02 -> 
  custom:scripting/monoscript/fileName/TCP2_Utils.cs: bcecda5e0ace099a3b03cc8e2cf6f821 -> 81e4f24e908420966db1cce671db2b86
  custom:scripting/monoscript/fileName/TCP2_MaterialInspector_PBS_SG.cs: b07f160e1a2e5961edc90f57c597345e -> 460ebbf2e36fea092951c957b6df65dc
  custom:scripting/monoscript/fileName/TCP2_Menu.cs: 417beb33423848797077150943c35a9b -> ce2e1bd819fc9a5ea875522ead7a6986
  custom:scripting/monoscript/fileName/TCP2_CameraDepth.cs: c74c3242509b5ab7d5543611a9011bb7 -> 0a8ab1e1af7670fc41941ea34ebb62e3
  custom:container-muxer-webm: aa71ff27fc2769a1b78a27578f13a17b -> 
  custom:video-decoder-webm-vp8: 9c59270c3fd7afecdb556c50c9e8de78 -> 
  custom:scripting/monoscript/fileName/TCP2_ShaderUpdateUnityTime_Editor.cs: b6bea5bc484ccf52302125d4c8ede4d3 -> a68e8abab89e6087f8c8574c7a99d5b5
  custom:SearchIndexIgnoredProperties: e643bd26f0fe6173181afceb89e7c659 -> 
  custom:scripting/monoscript/fileName/TCP2_ShaderGenerator.UIFeatures.cs: c221881f1c6bc7aa01175fd58227440a -> 1d2933bc56d7311d0449931f9ae688f2
  custom:AudioImporter_EditorPlatform: d09bf68614088b80899f8185d706f6e7 -> 
  custom:scripting/monoscript/fileName/DOTweenModuleAudio.cs: 3a1650e4f25acb6584c9510b5731ad7a -> f44ff7195fa3a78ebfe99f449d7e78e1
  custom:scripting/monoscript/fileName/DOTweenModulePhysics2D.cs: 93666b7e0342e2a0b1e34423f396c80e -> 173b1ffc50b5696b426bbe7350c14fc4
  custom:scripting/monoscript/fileName/TCP2_MaterialInspector_SurfacePBS_SG.cs: 294bca665f0913f3895b8c99c990aae4 -> 696d30802c64eaebeea55667b0b9a9c6
  custom:scripting/monoscript/fileName/DOTweenProShortcuts.cs: a0b0a87a6193e0706b5ad52d2144510e -> 90c7810f0d7504d6faad12dc67a3f8a8
  custom:scripting/monoscript/fileName/TCP2_ShaderUpdateUnityTime.cs: d8d0cb4cfa6eaa81f6ea6efca2a4ff03 -> 0ab4f42e01b5882e48eac30fe2c1ac94
  custom:scripting/monoscript/fileName/TCP2_PlanarReflection.cs: 136bb61837ac6ba2b67b0f7986472a4e -> 1c507eb294014d8ee727c3dba8d8c63c
  custom:scripting/monoscript/fileName/TCP2_RampGenerator.cs: 90f183bcf9229719496fb9ab95dfb539 -> cee165a3e5b21fb77b2dbbeaaf6f541a
  custom:scripting/monoscript/fileName/TCP2_MaterialInspector_SG.cs: 7bdd2e9cbaa6f6ec809633698fc96dae -> d25c305f0c08552721eedcbb0a919d08
  custom:scripting/monoscript/fileName/TCP2_Demo_Camera.cs: 114f94c95d2203ef9f8b6e4a35e639bc -> a6feecf59354d1c209cf344d3cee8291
  custom:scripting/monoscript/fileName/TCP2_Demo_View.cs: eb9814c37cecd178b1626bb83bfe25db -> 5e9e4e8dfdc9d6afafb12fd01642bd4a
  custom:scripting/monoscript/fileName/DOTweenModuleSprite.cs: 4597ff41968f9021edf014b8883e0dc2 -> 4b5018ebeb8cf37efb36ac1d94ed5a4d
  custom:scripting/monoscript/fileName/TCP2_Config.cs: 4453e73c551dbd9664f6514a8b75fdeb -> 89373d780ee9ac0e5180adf975f4999e
  custom:video-encoder-webm-vp8: eb34c28f22e8b96e1ab97ce403110664 -> 
  custom:scripting/monoscript/fileName/TCP2_MaterialInspector.cs: 405c61da288d4d5b14972d6330a68894 -> 3c34d9c8cd5840743f2b2846879ca4b0
  custom:scripting/monoscript/fileName/TCP2_GetPosOnWater.cs: 211af0f62c305ce66264efe1f959d7d1 -> 1bd6b61ff2aaea8774213482829b7e04
  custom:scripting/monoscript/fileName/DOTweenModulePhysics.cs: 09f5e4e694df330fd06c28d7c75e118d -> aff02123f5421112b27a1e25686d3abc
  custom:audio-decoder-ogg-vorbis: bf7c407c2cedff20999df2af8eb42d56 -> 
  custom:scripting/monoscript/fileName/TCP2_OutlineInspector.cs: 4539168a191154d2d2a376861ec0c49b -> 05d125d75323aa4419b44ac4f482c81c
  custom:scripting/monoscript/fileName/TCP2_ExpressionParser.cs: d2d4d8c14efc363221cedbf8cb19298b -> bce801af8075035dd5ce8fa98c7fff39
  custom:scripting/monoscript/fileName/TCP2_MaterialInspector_PBS.cs: c7a20b91efcbf88eacebf16739e53275 -> d24cd2826ab76e671701064f2ee9284a
  custom:scripting/monoscript/fileName/TCP2_SmoothedNormalsUtility.cs: 121c2ed0316f112533c5aa9fac6d71c7 -> a2d8e9a6bfea1459eaab740b372d1d2f
  custom:scripting/monoscript/fileName/TCP2_Demo_PBS.cs: 6c16f93a9a51e681cfd51aaa756f57d2 -> 58b98f8bf44ddaae30542944ea16d0c7
  custom:audio-encoder-webm-vorbis: bf7c407c2cedff20999df2af8eb42d56 -> 
========================================================================
Received Import Request.
  Time since last request: 284667.328490 seconds.
  path: Assets/_PROJECT/3RD PARTY/Epic Toon FX/Materials/Misc/Hearts/heart_AB.mat
  artifactKey: Guid(db608f6f11761e6409b8ea41aaa6adda) Importer(815301076,1909f56bfc062723c751e8b465ee728b)
Start importing Assets/_PROJECT/3RD PARTY/Epic Toon FX/Materials/Misc/Hearts/heart_AB.mat using Guid(db608f6f11761e6409b8ea41aaa6adda) Importer(815301076,1909f56bfc062723c751e8b465ee728b)  -> (artifact id: '6a1921cbb1b9bd5d93d79d0b1510d4c0') in 0.538663 seconds
Number of updated asset objects reloaded before import = 0
Number of asset objects unloaded after import = 4
Editor requested this worker to shutdown with reason: Scaling down because of idle timeout
TcpMessagingSession - receive error: operation aborted. errorcode: 995, details: Bir iþ parçacýðý çýkýþý veya bir uygulama isteði nedeniyle G/Ç iþlemi iptal edildi.
AssetImportWorker is now disconnected from the server
Process exiting
Exiting without the bug reporter. Application will terminate with return code 0