Using pre-set license
Built from '2022.3/staging' branch; Version is '2022.3.26f1 (ec6cd8118806) revision 15494360'; Using compiler version '192829333'; Build Type 'Release'
OS: 'Windows 10  (10.0.19045) 64bit Core' Language: 'tr' Physical Memory: 32607 MB
BatchMode: 1, IsHumanControllingUs: 0, StartBugReporterOnCrash: 0, Is64bit: 1, IsPro: 1

COMMAND LINE ARGUMENTS:
C:\Program Files\Unity\Hub\Editor\2022.3.26f1-x86_64\Editor\Unity.exe
-adb2
-batchMode
-noUpm
-name
AssetImportWorker15
-projectPath
C:/Users/90535/Desktop/Arduwand Academy/UnityProject
-logFile
Logs/AssetImportWorker15.log
-srvPort
3173
Successfully changed project path to: C:/Users/90535/Desktop/Arduwand Academy/UnityProject
C:/Users/90535/Desktop/Arduwand Academy/UnityProject
[UnityMemory] Configuration Parameters - Can be set up in boot.config
    "memorysetup-bucket-allocator-granularity=16"
    "memorysetup-bucket-allocator-bucket-count=8"
    "memorysetup-bucket-allocator-block-size=33554432"
    "memorysetup-bucket-allocator-block-count=8"
    "memorysetup-main-allocator-block-size=16777216"
    "memorysetup-thread-allocator-block-size=16777216"
    "memorysetup-gfx-main-allocator-block-size=16777216"
    "memorysetup-gfx-thread-allocator-block-size=16777216"
    "memorysetup-cache-allocator-block-size=4194304"
    "memorysetup-typetree-allocator-block-size=2097152"
    "memorysetup-profiler-bucket-allocator-granularity=16"
    "memorysetup-profiler-bucket-allocator-bucket-count=8"
    "memorysetup-profiler-bucket-allocator-block-size=33554432"
    "memorysetup-profiler-bucket-allocator-block-count=8"
    "memorysetup-profiler-allocator-block-size=16777216"
    "memorysetup-profiler-editor-allocator-block-size=1048576"
    "memorysetup-temp-allocator-size-main=16777216"
    "memorysetup-job-temp-allocator-block-size=2097152"
    "memorysetup-job-temp-allocator-block-size-background=1048576"
    "memorysetup-job-temp-allocator-reduction-small-platforms=262144"
    "memorysetup-allocator-temp-initial-block-size-main=262144"
    "memorysetup-allocator-temp-initial-block-size-worker=262144"
    "memorysetup-temp-allocator-size-background-worker=32768"
    "memorysetup-temp-allocator-size-job-worker=262144"
    "memorysetup-temp-allocator-size-preload-manager=33554432"
    "memorysetup-temp-allocator-size-nav-mesh-worker=65536"
    "memorysetup-temp-allocator-size-audio-worker=65536"
    "memorysetup-temp-allocator-size-cloud-worker=32768"
    "memorysetup-temp-allocator-size-gi-baking-worker=262144"
    "memorysetup-temp-allocator-size-gfx=262144"
Player connection [1972] Host "[IP] 10.85.14.122 [Port] 0 [Flags] 2 [Guid] 3128516579 [EditorId] 3128516579 [Version] 1048832 [Id] WindowsEditor(7,DESKTOP-57UG6SP) [Debug] 1 [PackageName] WindowsEditor [ProjectName] Editor" joined multi-casting on [225.0.0.222:54997]...

Player connection [1972] Host "[IP] 10.85.14.122 [Port] 0 [Flags] 2 [Guid] 3128516579 [EditorId] 3128516579 [Version] 1048832 [Id] WindowsEditor(7,DESKTOP-57UG6SP) [Debug] 1 [PackageName] WindowsEditor [ProjectName] Editor" joined alternative multi-casting on [225.0.0.222:34997]...

[Physics::Module] Initialized MultithreadedJobDispatcher with 11 workers.
Refreshing native plugins compatible for Editor in 14.89 ms, found 5 plugins.
Preloading 0 native plugins for Editor in 0.00 ms.
Initialize engine version: 2022.3.26f1 (ec6cd8118806)
[Subsystems] Discovering subsystems at path C:/Program Files/Unity/Hub/Editor/2022.3.26f1-x86_64/Editor/Data/Resources/UnitySubsystems
[Subsystems] Discovering subsystems at path C:/Users/90535/Desktop/Arduwand Academy/UnityProject/Assets
GfxDevice: creating device client; threaded=0; jobified=0
Direct3D:
    Version:  Direct3D 11.0 [level 11.1]
    Renderer: NVIDIA GeForce RTX 2080 with Max-Q Design (ID=0x1e90)
    Vendor:   NVIDIA
    VRAM:     7989 MB
    Driver:   32.0.15.6614
Initialize mono
Mono path[0] = 'C:/Program Files/Unity/Hub/Editor/2022.3.26f1-x86_64/Editor/Data/Managed'
Mono path[1] = 'C:/Program Files/Unity/Hub/Editor/2022.3.26f1-x86_64/Editor/Data/MonoBleedingEdge/lib/mono/unityjit-win32'
Mono config path = 'C:/Program Files/Unity/Hub/Editor/2022.3.26f1-x86_64/Editor/Data/MonoBleedingEdge/etc'
Using monoOptions --debugger-agent=transport=dt_socket,embedding=1,server=y,suspend=n,address=127.0.0.1:56180
Begin MonoManager ReloadAssembly
Registering precompiled unity dll's ...
Register platform support module: C:/Program Files/Unity/Hub/Editor/2022.3.26f1-x86_64/Editor/Data/PlaybackEngines/WindowsStandaloneSupport/UnityEditor.WindowsStandalone.Extensions.dll
Registered in 0.011160 seconds.
- Loaded All Assemblies, in  0.490 seconds
Native extension for WindowsStandalone target not found
Mono: successfully reloaded assembly
- Finished resetting the current domain, in  0.405 seconds
Domain Reload Profiling: 893ms
	BeginReloadAssembly (139ms)
		ExecutionOrderSort (0ms)
		DisableScriptedObjects (0ms)
		BackupInstance (0ms)
		ReleaseScriptingObjects (0ms)
		CreateAndSetChildDomain (1ms)
	RebuildCommonClasses (46ms)
	RebuildNativeTypeToScriptingClass (21ms)
	initialDomainReloadingComplete (77ms)
	LoadAllAssembliesAndSetupDomain (205ms)
		LoadAssemblies (137ms)
		RebuildTransferFunctionScriptingTraits (0ms)
		AnalyzeDomain (203ms)
			TypeCache.Refresh (201ms)
				TypeCache.ScanAssembly (184ms)
			ScanForSourceGeneratedMonoScriptInfo (0ms)
			ResolveRequiredComponents (1ms)
	FinalizeReload (405ms)
		ReleaseScriptCaches (0ms)
		RebuildScriptCaches (0ms)
		SetupLoadedEditorAssemblies (331ms)
			LogAssemblyErrors (0ms)
			InitializePlatformSupportModulesInManaged (13ms)
			SetLoadedEditorAssemblies (8ms)
			RefreshPlugins (0ms)
			BeforeProcessingInitializeOnLoad (2ms)
			ProcessInitializeOnLoadAttributes (245ms)
			ProcessInitializeOnLoadMethodAttributes (62ms)
			AfterProcessingInitializeOnLoad (0ms)
			EditorAssembliesLoaded (0ms)
		ExecutionOrderSort2 (0ms)
		AwakeInstancesAfterBackupRestoration (0ms)
========================================================================
Worker process is ready to serve import requests
Begin MonoManager ReloadAssembly
- Loaded All Assemblies, in  0.790 seconds
Refreshing native plugins compatible for Editor in 4.42 ms, found 5 plugins.
Native extension for WindowsStandalone target not found
Package Manager log level set to [2]
[Package Manager] Server::EnsureServerProcessIsRunning -- launch failed, reason: Unity was launched with the -noUpm command-line argument
[Package Manager] UpmClient::Send -- Unable to send message (not connected to UPM process).
[Package Manager] Cannot connect to Unity Package Manager local server
Mono: successfully reloaded assembly
- Finished resetting the current domain, in  0.878 seconds
Domain Reload Profiling: 1662ms
	BeginReloadAssembly (197ms)
		ExecutionOrderSort (0ms)
		DisableScriptedObjects (7ms)
		BackupInstance (0ms)
		ReleaseScriptingObjects (0ms)
		CreateAndSetChildDomain (28ms)
	RebuildCommonClasses (52ms)
	RebuildNativeTypeToScriptingClass (14ms)
	initialDomainReloadingComplete (59ms)
	LoadAllAssembliesAndSetupDomain (462ms)
		LoadAssemblies (348ms)
		RebuildTransferFunctionScriptingTraits (0ms)
		AnalyzeDomain (228ms)
			TypeCache.Refresh (192ms)
				TypeCache.ScanAssembly (174ms)
			ScanForSourceGeneratedMonoScriptInfo (25ms)
			ResolveRequiredComponents (9ms)
	FinalizeReload (878ms)
		ReleaseScriptCaches (0ms)
		RebuildScriptCaches (0ms)
		SetupLoadedEditorAssemblies (672ms)
			LogAssemblyErrors (0ms)
			InitializePlatformSupportModulesInManaged (8ms)
			SetLoadedEditorAssemblies (4ms)
			RefreshPlugins (0ms)
			BeforeProcessingInitializeOnLoad (82ms)
			ProcessInitializeOnLoadAttributes (490ms)
			ProcessInitializeOnLoadMethodAttributes (79ms)
			AfterProcessingInitializeOnLoad (8ms)
			EditorAssembliesLoaded (0ms)
		ExecutionOrderSort2 (0ms)
		AwakeInstancesAfterBackupRestoration (8ms)
Launched and connected shader compiler UnityShaderCompiler.exe after 0.07 seconds
Refreshing native plugins compatible for Editor in 7.74 ms, found 5 plugins.
Preloading 0 native plugins for Editor in 0.00 ms.
Unloading 3475 Unused Serialized files (Serialized files now loaded: 0)
Unloading 62 unused Assets / (350.5 KB). Loaded Objects now: 3936.
Memory consumption went from 181.8 MB to 181.5 MB.
Total: 5.067800 ms (FindLiveObjects: 0.326700 ms CreateObjectMapping: 0.292000 ms MarkObjects: 4.182300 ms  DeleteObjects: 0.265200 ms)

AssetImportParameters requested are different than current active one (requested -> active):
  custom:container-demuxer-ogg: 62fdf1f143b41e24485cea50d1cbac27 -> 
  custom:video-decoder-ogg-theora: a1e56fd34408186e4bbccfd4996cb3dc -> 
  custom:framework-win-MediaFoundation: 216162199b28c13a410421893ffa2e32 -> 
  custom:CustomObjectIndexerAttribute: 72b91833f83ae208fae7752999fa3104 -> 
  custom:container-demuxer-webm: 4f35f7cbe854078d1ac9338744f61a02 -> 
  custom:scripting/monoscript/fileName/MeshDecal.cs: 6b294ee0cc2d40eb6e974d1c25a7ecf0 -> 
  custom:container-muxer-webm: aa71ff27fc2769a1b78a27578f13a17b -> 
  custom:video-decoder-webm-vp8: 9c59270c3fd7afecdb556c50c9e8de78 -> 
  custom:SearchIndexIgnoredProperties: e643bd26f0fe6173181afceb89e7c659 -> 
  custom:AudioImporter_EditorPlatform: d09bf68614088b80899f8185d706f6e7 -> 
  custom:scripting/monoscript/fileName/MeshDecalEditor.cs: e38f0b0e204f372975a570d0040874d9 -> 
  custom:video-encoder-webm-vp8: eb34c28f22e8b96e1ab97ce403110664 -> 
  custom:audio-decoder-ogg-vorbis: bf7c407c2cedff20999df2af8eb42d56 -> 
  custom:audio-encoder-webm-vorbis: bf7c407c2cedff20999df2af8eb42d56 -> 
========================================================================
Received Import Request.
  Time since last request: 90736.509925 seconds.
  path: Assets/_PROJECT/Scripts/Data/Ingredients/Ing_POINT 1.asset
  artifactKey: Guid(6253baf1783bba2408c3a2567e924099) Importer(815301076,1909f56bfc062723c751e8b465ee728b)
Start importing Assets/_PROJECT/Scripts/Data/Ingredients/Ing_POINT 1.asset using Guid(6253baf1783bba2408c3a2567e924099) Importer(815301076,1909f56bfc062723c751e8b465ee728b)  -> (artifact id: 'aa625039e5980538ac514fe55d47f8d5') in 0.019416 seconds
Number of updated asset objects reloaded before import = 0
Number of asset objects unloaded after import = 2
========================================================================
Received Import Request.
  Time since last request: 10.608309 seconds.
  path: Assets/_PROJECT/Scripts/Data/Ingredients/Ing_OPENHAND.asset
  artifactKey: Guid(6253baf1783bba2408c3a2567e924099) Importer(815301076,1909f56bfc062723c751e8b465ee728b)
Start importing Assets/_PROJECT/Scripts/Data/Ingredients/Ing_OPENHAND.asset using Guid(6253baf1783bba2408c3a2567e924099) Importer(815301076,1909f56bfc062723c751e8b465ee728b)  -> (artifact id: 'd2375e33740659a8e1b74eb6af35de2d') in 0.001743 seconds
Number of updated asset objects reloaded before import = 0
Number of asset objects unloaded after import = 2
========================================================================
Received Import Request.
  Time since last request: 7.668637 seconds.
  path: Assets/_PROJECT/Scripts/Data/Ingredients/Ing_PEACE.asset
  artifactKey: Guid(61779f962b84b204995ad90e80ff9261) Importer(815301076,1909f56bfc062723c751e8b465ee728b)
Start importing Assets/_PROJECT/Scripts/Data/Ingredients/Ing_PEACE.asset using Guid(61779f962b84b204995ad90e80ff9261) Importer(815301076,1909f56bfc062723c751e8b465ee728b)  -> (artifact id: 'e013e9d5b484f6d53cb3c94f2a603bf0') in 0.001468 seconds
Number of updated asset objects reloaded before import = 0
Number of asset objects unloaded after import = 2
========================================================================
Received Prepare
Begin MonoManager ReloadAssembly
- Loaded All Assemblies, in  0.485 seconds
Refreshing native plugins compatible for Editor in 4.28 ms, found 5 plugins.
Native extension for WindowsStandalone target not found
[Package Manager] Server::EnsureServerProcessIsRunning -- launch failed, reason: Unity was launched with the -noUpm command-line argument
[Package Manager] UpmClient::Send -- Unable to send message (not connected to UPM process).
[Package Manager] Cannot connect to Unity Package Manager local server
Mono: successfully reloaded assembly
- Finished resetting the current domain, in  1.197 seconds
Domain Reload Profiling: 1678ms
	BeginReloadAssembly (163ms)
		ExecutionOrderSort (0ms)
		DisableScriptedObjects (8ms)
		BackupInstance (0ms)
		ReleaseScriptingObjects (0ms)
		CreateAndSetChildDomain (34ms)
	RebuildCommonClasses (36ms)
	RebuildNativeTypeToScriptingClass (12ms)
	initialDomainReloadingComplete (32ms)
	LoadAllAssembliesAndSetupDomain (238ms)
		LoadAssemblies (286ms)
		RebuildTransferFunctionScriptingTraits (0ms)
		AnalyzeDomain (41ms)
			TypeCache.Refresh (9ms)
				TypeCache.ScanAssembly (1ms)
			ScanForSourceGeneratedMonoScriptInfo (22ms)
			ResolveRequiredComponents (9ms)
	FinalizeReload (1197ms)
		ReleaseScriptCaches (0ms)
		RebuildScriptCaches (0ms)
		SetupLoadedEditorAssemblies (590ms)
			LogAssemblyErrors (0ms)
			InitializePlatformSupportModulesInManaged (7ms)
			SetLoadedEditorAssemblies (5ms)
			RefreshPlugins (0ms)
			BeforeProcessingInitializeOnLoad (78ms)
			ProcessInitializeOnLoadAttributes (433ms)
			ProcessInitializeOnLoadMethodAttributes (58ms)
			AfterProcessingInitializeOnLoad (8ms)
			EditorAssembliesLoaded (0ms)
		ExecutionOrderSort2 (0ms)
		AwakeInstancesAfterBackupRestoration (17ms)
Refreshing native plugins compatible for Editor in 7.69 ms, found 5 plugins.
Preloading 0 native plugins for Editor in 0.00 ms.
Unloading 3296 Unused Serialized files (Serialized files now loaded: 0)
Unloading 40 unused Assets / (319.1 KB). Loaded Objects now: 3942.
Memory consumption went from 149.0 MB to 148.6 MB.
Total: 4.785800 ms (FindLiveObjects: 0.289100 ms CreateObjectMapping: 0.238100 ms MarkObjects: 4.130600 ms  DeleteObjects: 0.126800 ms)

Prepare: number of updated asset objects reloaded= 0
AssetImportParameters requested are different than current active one (requested -> active):
  custom:container-demuxer-ogg: 62fdf1f143b41e24485cea50d1cbac27 -> 
  custom:video-decoder-ogg-theora: a1e56fd34408186e4bbccfd4996cb3dc -> 
  custom:framework-win-MediaFoundation: 216162199b28c13a410421893ffa2e32 -> 
  custom:CustomObjectIndexerAttribute: 72b91833f83ae208fae7752999fa3104 -> 
  custom:container-demuxer-webm: 4f35f7cbe854078d1ac9338744f61a02 -> 
  custom:scripting/monoscript/fileName/MeshDecal.cs: 6b294ee0cc2d40eb6e974d1c25a7ecf0 -> 
  custom:container-muxer-webm: aa71ff27fc2769a1b78a27578f13a17b -> 
  custom:video-decoder-webm-vp8: 9c59270c3fd7afecdb556c50c9e8de78 -> 
  custom:SearchIndexIgnoredProperties: e643bd26f0fe6173181afceb89e7c659 -> 
  custom:AudioImporter_EditorPlatform: d09bf68614088b80899f8185d706f6e7 -> 
  custom:scripting/monoscript/fileName/MeshDecalEditor.cs: e38f0b0e204f372975a570d0040874d9 -> 
  custom:video-encoder-webm-vp8: eb34c28f22e8b96e1ab97ce403110664 -> 
  custom:audio-decoder-ogg-vorbis: bf7c407c2cedff20999df2af8eb42d56 -> 
  custom:audio-encoder-webm-vorbis: bf7c407c2cedff20999df2af8eb42d56 -> 
========================================================================
Received Import Request.
  Time since last request: 867.440925 seconds.
  path: Assets/TextMesh Pro/Resources/Fonts & Materials/LiberationSans SDF - Fallback.asset
  artifactKey: Guid(2e498d1c8094910479dc3e1b768306a4) Importer(815301076,1909f56bfc062723c751e8b465ee728b)
Start importing Assets/TextMesh Pro/Resources/Fonts & Materials/LiberationSans SDF - Fallback.asset using Guid(2e498d1c8094910479dc3e1b768306a4) Importer(815301076,1909f56bfc062723c751e8b465ee728b)  -> (artifact id: 'a9e3c28a0b24200f121793012ddb52ad') in 0.339967 seconds
Number of updated asset objects reloaded before import = 0
Number of asset objects unloaded after import = 26
========================================================================
Received Import Request.
  Time since last request: 38.705015 seconds.
  path: Assets/LuckiestGuy-Regular.ttf
  artifactKey: Guid(b702d2609080d74408ccc1cd48dcd22f) Importer(815301076,1909f56bfc062723c751e8b465ee728b)
Start importing Assets/LuckiestGuy-Regular.ttf using Guid(b702d2609080d74408ccc1cd48dcd22f) Importer(815301076,1909f56bfc062723c751e8b465ee728b)  -> (artifact id: '2e10a1c609d98d3e9775fd15dc93f9d7') in 0.213758 seconds
Number of updated asset objects reloaded before import = 0
Number of asset objects unloaded after import = 5
========================================================================
Received Prepare
Begin MonoManager ReloadAssembly
- Loaded All Assemblies, in  0.515 seconds
Refreshing native plugins compatible for Editor in 3.95 ms, found 5 plugins.
Native extension for WindowsStandalone target not found
[Package Manager] Server::EnsureServerProcessIsRunning -- launch failed, reason: Unity was launched with the -noUpm command-line argument
[Package Manager] UpmClient::Send -- Unable to send message (not connected to UPM process).
[Package Manager] Cannot connect to Unity Package Manager local server
Mono: successfully reloaded assembly
- Finished resetting the current domain, in  1.130 seconds
Domain Reload Profiling: 1642ms
	BeginReloadAssembly (190ms)
		ExecutionOrderSort (0ms)
		DisableScriptedObjects (12ms)
		BackupInstance (0ms)
		ReleaseScriptingObjects (0ms)
		CreateAndSetChildDomain (42ms)
	RebuildCommonClasses (37ms)
	RebuildNativeTypeToScriptingClass (13ms)
	initialDomainReloadingComplete (33ms)
	LoadAllAssembliesAndSetupDomain (238ms)
		LoadAssemblies (300ms)
		RebuildTransferFunctionScriptingTraits (0ms)
		AnalyzeDomain (40ms)
			TypeCache.Refresh (8ms)
				TypeCache.ScanAssembly (1ms)
			ScanForSourceGeneratedMonoScriptInfo (23ms)
			ResolveRequiredComponents (8ms)
	FinalizeReload (1131ms)
		ReleaseScriptCaches (0ms)
		RebuildScriptCaches (0ms)
		SetupLoadedEditorAssemblies (518ms)
			LogAssemblyErrors (0ms)
			InitializePlatformSupportModulesInManaged (8ms)
			SetLoadedEditorAssemblies (4ms)
			RefreshPlugins (0ms)
			BeforeProcessingInitializeOnLoad (63ms)
			ProcessInitializeOnLoadAttributes (377ms)
			ProcessInitializeOnLoadMethodAttributes (58ms)
			AfterProcessingInitializeOnLoad (7ms)
			EditorAssembliesLoaded (0ms)
		ExecutionOrderSort2 (0ms)
		AwakeInstancesAfterBackupRestoration (19ms)
Refreshing native plugins compatible for Editor in 7.02 ms, found 5 plugins.
Preloading 0 native plugins for Editor in 0.00 ms.
Unloading 3296 Unused Serialized files (Serialized files now loaded: 0)
Unloading 40 unused Assets / (319.1 KB). Loaded Objects now: 4030.
Memory consumption went from 154.1 MB to 153.8 MB.
Total: 3.416000 ms (FindLiveObjects: 0.295200 ms CreateObjectMapping: 0.228700 ms MarkObjects: 2.787600 ms  DeleteObjects: 0.103700 ms)

Prepare: number of updated asset objects reloaded= 0
AssetImportParameters requested are different than current active one (requested -> active):
  custom:container-demuxer-ogg: 62fdf1f143b41e24485cea50d1cbac27 -> 
  custom:video-decoder-ogg-theora: a1e56fd34408186e4bbccfd4996cb3dc -> 
  custom:framework-win-MediaFoundation: 216162199b28c13a410421893ffa2e32 -> 
  custom:CustomObjectIndexerAttribute: 72b91833f83ae208fae7752999fa3104 -> 
  custom:container-demuxer-webm: 4f35f7cbe854078d1ac9338744f61a02 -> 
  custom:scripting/monoscript/fileName/MeshDecal.cs: 6b294ee0cc2d40eb6e974d1c25a7ecf0 -> 
  custom:container-muxer-webm: aa71ff27fc2769a1b78a27578f13a17b -> 
  custom:video-decoder-webm-vp8: 9c59270c3fd7afecdb556c50c9e8de78 -> 
  custom:SearchIndexIgnoredProperties: e643bd26f0fe6173181afceb89e7c659 -> 
  custom:AudioImporter_EditorPlatform: d09bf68614088b80899f8185d706f6e7 -> 
  custom:scripting/monoscript/fileName/MeshDecalEditor.cs: e38f0b0e204f372975a570d0040874d9 -> 
  custom:video-encoder-webm-vp8: eb34c28f22e8b96e1ab97ce403110664 -> 
  custom:audio-decoder-ogg-vorbis: bf7c407c2cedff20999df2af8eb42d56 -> 
  custom:audio-encoder-webm-vorbis: bf7c407c2cedff20999df2af8eb42d56 -> 
========================================================================
Received Import Request.
  Time since last request: 47.260618 seconds.
  path: Assets/TextMesh Pro/Fonts/LiberationSans.ttf
  artifactKey: Guid(e3265ab4bf004d28a9537516768c1c75) Importer(815301076,1909f56bfc062723c751e8b465ee728b)
Start importing Assets/TextMesh Pro/Fonts/LiberationSans.ttf using Guid(e3265ab4bf004d28a9537516768c1c75) Importer(815301076,1909f56bfc062723c751e8b465ee728b)  -> (artifact id: '7593f1b3f6a868faa1b759d547a01596') in 0.258735 seconds
Number of updated asset objects reloaded before import = 0
Number of asset objects unloaded after import = 24
========================================================================
Received Import Request.
  Time since last request: 15.483301 seconds.
  path: Assets/_PROJECT/Art/Fonts/LuckiestGuy-Regular SDF.asset
  artifactKey: Guid(efd0e81e5c0b734418942a5b5454254e) Importer(815301076,1909f56bfc062723c751e8b465ee728b)
Start importing Assets/_PROJECT/Art/Fonts/LuckiestGuy-Regular SDF.asset using Guid(efd0e81e5c0b734418942a5b5454254e) Importer(815301076,1909f56bfc062723c751e8b465ee728b)  -> (artifact id: '34b11788f55aa1f1be841b7fa2221090') in 0.038293 seconds
Number of updated asset objects reloaded before import = 0
Number of asset objects unloaded after import = 7
========================================================================
Received Import Request.
  Time since last request: 46.773491 seconds.
  path: Assets/_PROJECT/Art/Fonts/LuckiestGuy-Regular SDF.asset
  artifactKey: Guid(efd0e81e5c0b734418942a5b5454254e) Importer(815301076,1909f56bfc062723c751e8b465ee728b)
Start importing Assets/_PROJECT/Art/Fonts/LuckiestGuy-Regular SDF.asset using Guid(efd0e81e5c0b734418942a5b5454254e) Importer(815301076,1909f56bfc062723c751e8b465ee728b)  -> (artifact id: '28787e7bc3a9c2902c431a1bcc950a71') in 0.037661 seconds
Number of updated asset objects reloaded before import = 0
Number of asset objects unloaded after import = 7
========================================================================
Received Import Request.
  Time since last request: 9.916066 seconds.
  path: Assets/_PROJECT/3RD PARTY/Violet Theme Ui/Sliders/Handle Blue.png
  artifactKey: Guid(90a65e5f1a9c4c04a89791b3a9eda3c9) Importer(815301076,1909f56bfc062723c751e8b465ee728b)
Start importing Assets/_PROJECT/3RD PARTY/Violet Theme Ui/Sliders/Handle Blue.png using Guid(90a65e5f1a9c4c04a89791b3a9eda3c9) Importer(815301076,1909f56bfc062723c751e8b465ee728b)  -> (artifact id: '605442b447816f11ee93d0c3f139ec75') in 0.040787 seconds
Number of updated asset objects reloaded before import = 0
Number of asset objects unloaded after import = 3
========================================================================
Received Import Request.
  Time since last request: 0.000029 seconds.
  path: Assets/_PROJECT/3RD PARTY/Violet Theme Ui/Sliders/Handle Violet.png
  artifactKey: Guid(1bf6b9a3ebb8b9444b55cca415d03ac5) Importer(815301076,1909f56bfc062723c751e8b465ee728b)
Start importing Assets/_PROJECT/3RD PARTY/Violet Theme Ui/Sliders/Handle Violet.png using Guid(1bf6b9a3ebb8b9444b55cca415d03ac5) Importer(815301076,1909f56bfc062723c751e8b465ee728b)  -> (artifact id: '159b0b91ecb90218c92800941b6bc7d1') in 0.025685 seconds
Number of updated asset objects reloaded before import = 0
Number of asset objects unloaded after import = 3
========================================================================
Received Import Request.
  Time since last request: 0.000061 seconds.
  path: Assets/_PROJECT/3RD PARTY/Violet Theme Ui/Sliders/Handle Orange.png
  artifactKey: Guid(d8a3082eb4aa84c41babf3558d2a77e8) Importer(815301076,1909f56bfc062723c751e8b465ee728b)
Start importing Assets/_PROJECT/3RD PARTY/Violet Theme Ui/Sliders/Handle Orange.png using Guid(d8a3082eb4aa84c41babf3558d2a77e8) Importer(815301076,1909f56bfc062723c751e8b465ee728b)  -> (artifact id: '846f199118eeb9d3e3e823f22f6727d8') in 0.025020 seconds
Number of updated asset objects reloaded before import = 0
Number of asset objects unloaded after import = 3
========================================================================
Received Import Request.
  Time since last request: 0.000039 seconds.
  path: Assets/_PROJECT/3RD PARTY/Violet Theme Ui/Sliders/Handle Pink.png
  artifactKey: Guid(f3eafdc0f9c9fcb40b39db80b74f6f6a) Importer(815301076,1909f56bfc062723c751e8b465ee728b)
Start importing Assets/_PROJECT/3RD PARTY/Violet Theme Ui/Sliders/Handle Pink.png using Guid(f3eafdc0f9c9fcb40b39db80b74f6f6a) Importer(815301076,1909f56bfc062723c751e8b465ee728b)  -> (artifact id: '5e6c91e0b2ef5e456b4d7a544dbc8b81') in 0.025923 seconds
Number of updated asset objects reloaded before import = 0
Number of asset objects unloaded after import = 3
========================================================================
Received Import Request.
  Time since last request: 0.000025 seconds.
  path: Assets/_PROJECT/3RD PARTY/Violet Theme Ui/Sliders/Handle Red.png
  artifactKey: Guid(34c670642e6efda40b50b89365cb199b) Importer(815301076,1909f56bfc062723c751e8b465ee728b)
Start importing Assets/_PROJECT/3RD PARTY/Violet Theme Ui/Sliders/Handle Red.png using Guid(34c670642e6efda40b50b89365cb199b) Importer(815301076,1909f56bfc062723c751e8b465ee728b)  -> (artifact id: '1059351bf4ec15198e81136a87f22ed5') in 0.021300 seconds
Number of updated asset objects reloaded before import = 0
Number of asset objects unloaded after import = 3
========================================================================
Received Import Request.
  Time since last request: 0.078751 seconds.
  path: Assets/_PROJECT/3RD PARTY/Violet Theme Ui/Sliders/Handle Yellow.png
  artifactKey: Guid(d58fce3806791a446a633c9b19afa689) Importer(815301076,1909f56bfc062723c751e8b465ee728b)
Start importing Assets/_PROJECT/3RD PARTY/Violet Theme Ui/Sliders/Handle Yellow.png using Guid(d58fce3806791a446a633c9b19afa689) Importer(815301076,1909f56bfc062723c751e8b465ee728b)  -> (artifact id: '8c03b5ab64b0f028f9fd63b8c32beb54') in 0.024606 seconds
Number of updated asset objects reloaded before import = 0
Number of asset objects unloaded after import = 3
========================================================================
Received Import Request.
  Time since last request: 0.014438 seconds.
  path: Assets/_PROJECT/3RD PARTY/Cute-GUI-Pack-Lite/PNG/04_07_minigame_balloon/ingame_icon_balloon_pink.png
  artifactKey: Guid(152ce4cb0b09cbe45ad2e5ca91dc0c82) Importer(815301076,1909f56bfc062723c751e8b465ee728b)
Start importing Assets/_PROJECT/3RD PARTY/Cute-GUI-Pack-Lite/PNG/04_07_minigame_balloon/ingame_icon_balloon_pink.png using Guid(152ce4cb0b09cbe45ad2e5ca91dc0c82) Importer(815301076,1909f56bfc062723c751e8b465ee728b)  -> (artifact id: 'd878a618f69cd5133d4d5819929d6181') in 0.027979 seconds
Number of updated asset objects reloaded before import = 0
Number of asset objects unloaded after import = 3
========================================================================
Received Import Request.
  Time since last request: 0.000068 seconds.
  path: Assets/_PROJECT/3RD PARTY/Cute-GUI-Pack-Lite/PNG/04_07_minigame_balloon/ingame_obj_hill_04.png
  artifactKey: Guid(38a82c985b84c354f8302a306b285bf9) Importer(815301076,1909f56bfc062723c751e8b465ee728b)
Start importing Assets/_PROJECT/3RD PARTY/Cute-GUI-Pack-Lite/PNG/04_07_minigame_balloon/ingame_obj_hill_04.png using Guid(38a82c985b84c354f8302a306b285bf9) Importer(815301076,1909f56bfc062723c751e8b465ee728b)  -> (artifact id: '5d3b619a3cdd913dd346206f2aa10d76') in 0.032443 seconds
Number of updated asset objects reloaded before import = 0
Number of asset objects unloaded after import = 3
========================================================================
Received Import Request.
  Time since last request: 0.000035 seconds.
  path: Assets/_PROJECT/3RD PARTY/Violet Theme Ui/Colored Icons/leaf.png
  artifactKey: Guid(a191b676b9627ca44aceb3a028607100) Importer(815301076,1909f56bfc062723c751e8b465ee728b)
Start importing Assets/_PROJECT/3RD PARTY/Violet Theme Ui/Colored Icons/leaf.png using Guid(a191b676b9627ca44aceb3a028607100) Importer(815301076,1909f56bfc062723c751e8b465ee728b)  -> (artifact id: '7bfefeb0ceadf0c823180819a2748f1a') in 0.033660 seconds
Number of updated asset objects reloaded before import = 0
Number of asset objects unloaded after import = 3
========================================================================
Received Import Request.
  Time since last request: 0.000397 seconds.
  path: Assets/_PROJECT/3RD PARTY/Cute-GUI-Pack-Lite/PNG/04_07_minigame_balloon/ingame_obj_tree_01.png
  artifactKey: Guid(ccc27067a8044bc4a8db9da60045514b) Importer(815301076,1909f56bfc062723c751e8b465ee728b)
Start importing Assets/_PROJECT/3RD PARTY/Cute-GUI-Pack-Lite/PNG/04_07_minigame_balloon/ingame_obj_tree_01.png using Guid(ccc27067a8044bc4a8db9da60045514b) Importer(815301076,1909f56bfc062723c751e8b465ee728b)  -> (artifact id: '43f73ac41c568b280f266c78133f98f2') in 0.033633 seconds
Number of updated asset objects reloaded before import = 0
Number of asset objects unloaded after import = 3
========================================================================
Received Import Request.
  Time since last request: 0.000033 seconds.
  path: Assets/_PROJECT/3RD PARTY/Violet Theme Ui/Buttons/Misc/Input Field Background.png
  artifactKey: Guid(f3e6a4a22e2056f4d88695188bc39a6e) Importer(815301076,1909f56bfc062723c751e8b465ee728b)
Start importing Assets/_PROJECT/3RD PARTY/Violet Theme Ui/Buttons/Misc/Input Field Background.png using Guid(f3e6a4a22e2056f4d88695188bc39a6e) Importer(815301076,1909f56bfc062723c751e8b465ee728b)  -> (artifact id: '2f3fbb81f8440075b1d6f26476df3c7a') in 0.026781 seconds
Number of updated asset objects reloaded before import = 0
Number of asset objects unloaded after import = 3
========================================================================
Received Import Request.
  Time since last request: 0.000024 seconds.
  path: Assets/_PROJECT/3RD PARTY/Cute-GUI-Pack-Lite/PNG/18_roulette/01/icon_gold.png
  artifactKey: Guid(cf88c4cfc535ad349a15dc277ac1c6ed) Importer(815301076,1909f56bfc062723c751e8b465ee728b)
Start importing Assets/_PROJECT/3RD PARTY/Cute-GUI-Pack-Lite/PNG/18_roulette/01/icon_gold.png using Guid(cf88c4cfc535ad349a15dc277ac1c6ed) Importer(815301076,1909f56bfc062723c751e8b465ee728b)  -> (artifact id: '853ef77bcc463e8a496154f7c1918754') in 0.032492 seconds
Number of updated asset objects reloaded before import = 0
Number of asset objects unloaded after import = 3
========================================================================
Received Import Request.
  Time since last request: 0.000027 seconds.
  path: Assets/_PROJECT/3RD PARTY/Violet Theme Ui/Colored Icons/Ice Cream.png
  artifactKey: Guid(ff777246aa1a2ab428c099c13271de80) Importer(815301076,1909f56bfc062723c751e8b465ee728b)
Start importing Assets/_PROJECT/3RD PARTY/Violet Theme Ui/Colored Icons/Ice Cream.png using Guid(ff777246aa1a2ab428c099c13271de80) Importer(815301076,1909f56bfc062723c751e8b465ee728b)  -> (artifact id: '0b8a6eea79b5a755001dca06ef561160') in 0.029813 seconds
Number of updated asset objects reloaded before import = 0
Number of asset objects unloaded after import = 3
========================================================================
Received Import Request.
  Time since last request: 0.000026 seconds.
  path: Assets/_PROJECT/3RD PARTY/Violet Theme Ui/Colored Icons/Magnifying Glass.png
  artifactKey: Guid(c565245094b56bb4e906bb430bd0702f) Importer(815301076,1909f56bfc062723c751e8b465ee728b)
Start importing Assets/_PROJECT/3RD PARTY/Violet Theme Ui/Colored Icons/Magnifying Glass.png using Guid(c565245094b56bb4e906bb430bd0702f) Importer(815301076,1909f56bfc062723c751e8b465ee728b)  -> (artifact id: 'b38d37b10cfcb059db259bb0b273fd9b') in 0.023168 seconds
Number of updated asset objects reloaded before import = 0
Number of asset objects unloaded after import = 3
========================================================================
Received Import Request.
  Time since last request: 0.000052 seconds.
  path: Assets/_PROJECT/3RD PARTY/Violet Theme Ui/Colored Icons/notepad.png
  artifactKey: Guid(735ace291de988c40947fec9b2671b3c) Importer(815301076,1909f56bfc062723c751e8b465ee728b)
Start importing Assets/_PROJECT/3RD PARTY/Violet Theme Ui/Colored Icons/notepad.png using Guid(735ace291de988c40947fec9b2671b3c) Importer(815301076,1909f56bfc062723c751e8b465ee728b)  -> (artifact id: '1855b9591af44d4f461bd67b5f8c9149') in 0.027314 seconds
Number of updated asset objects reloaded before import = 0
Number of asset objects unloaded after import = 3
========================================================================
Received Import Request.
  Time since last request: 0.000041 seconds.
  path: Assets/_PROJECT/3RD PARTY/Violet Theme Ui/Colored Icons/Pencil.png
  artifactKey: Guid(f14422fe0972f6742b86a49a59c03d34) Importer(815301076,1909f56bfc062723c751e8b465ee728b)
Start importing Assets/_PROJECT/3RD PARTY/Violet Theme Ui/Colored Icons/Pencil.png using Guid(f14422fe0972f6742b86a49a59c03d34) Importer(815301076,1909f56bfc062723c751e8b465ee728b)  -> (artifact id: 'aa19ef1077568e24ed399a73f8d75e53') in 0.040720 seconds
Number of updated asset objects reloaded before import = 0
Number of asset objects unloaded after import = 3
========================================================================
Received Import Request.
  Time since last request: 0.002652 seconds.
  path: Assets/_PROJECT/3RD PARTY/Violet Theme Ui/White Icons/PowerUp1.png
  artifactKey: Guid(12c7ee7a153b80e459933263e2a26be6) Importer(815301076,1909f56bfc062723c751e8b465ee728b)
Start importing Assets/_PROJECT/3RD PARTY/Violet Theme Ui/White Icons/PowerUp1.png using Guid(12c7ee7a153b80e459933263e2a26be6) Importer(815301076,1909f56bfc062723c751e8b465ee728b)  -> (artifact id: '47489beac2e21f8b07b65d314a1b88f5') in 0.027308 seconds
Number of updated asset objects reloaded before import = 0
Number of asset objects unloaded after import = 3
========================================================================
Received Import Request.
  Time since last request: 0.000020 seconds.
  path: Assets/_PROJECT/3RD PARTY/Violet Theme Ui/Colored Icons/Lock 2.png
  artifactKey: Guid(a767c174fe4153d4f80fe923fd478424) Importer(815301076,1909f56bfc062723c751e8b465ee728b)
Start importing Assets/_PROJECT/3RD PARTY/Violet Theme Ui/Colored Icons/Lock 2.png using Guid(a767c174fe4153d4f80fe923fd478424) Importer(815301076,1909f56bfc062723c751e8b465ee728b)  -> (artifact id: '99c8231f43fc92c8eab2518277ede7a0') in 0.028738 seconds
Number of updated asset objects reloaded before import = 0
Number of asset objects unloaded after import = 3
========================================================================
Received Import Request.
  Time since last request: 0.000028 seconds.
  path: Assets/_PROJECT/3RD PARTY/Violet Theme Ui/Colored Icons/Potion Green.png
  artifactKey: Guid(fb249afeb0ff95a438e6aec12fdf762c) Importer(815301076,1909f56bfc062723c751e8b465ee728b)
Start importing Assets/_PROJECT/3RD PARTY/Violet Theme Ui/Colored Icons/Potion Green.png using Guid(fb249afeb0ff95a438e6aec12fdf762c) Importer(815301076,1909f56bfc062723c751e8b465ee728b)  -> (artifact id: '3f75f0e70486cd2a3ceb8be9618a4c77') in 0.025755 seconds
Number of updated asset objects reloaded before import = 0
Number of asset objects unloaded after import = 3
========================================================================
Received Import Request.
  Time since last request: 0.000044 seconds.
  path: Assets/_PROJECT/3RD PARTY/Violet Theme Ui/Colored Icons/Medal.png
  artifactKey: Guid(8a76a65ead3a23b4ba19459d3855ffbd) Importer(815301076,1909f56bfc062723c751e8b465ee728b)
Start importing Assets/_PROJECT/3RD PARTY/Violet Theme Ui/Colored Icons/Medal.png using Guid(8a76a65ead3a23b4ba19459d3855ffbd) Importer(815301076,1909f56bfc062723c751e8b465ee728b)  -> (artifact id: 'eea3fd8d0e83ac44945d6814d809134b') in 0.024530 seconds
Number of updated asset objects reloaded before import = 0
Number of asset objects unloaded after import = 3
========================================================================
Received Import Request.
  Time since last request: 0.000027 seconds.
  path: Assets/_PROJECT/3RD PARTY/Cute-GUI-Pack-Lite/PNG/04_07_minigame_balloon/ingame_icon_balloon_boom.png
  artifactKey: Guid(18dcda62d9d23cf44b9bbeb951dca54c) Importer(815301076,1909f56bfc062723c751e8b465ee728b)
Start importing Assets/_PROJECT/3RD PARTY/Cute-GUI-Pack-Lite/PNG/04_07_minigame_balloon/ingame_icon_balloon_boom.png using Guid(18dcda62d9d23cf44b9bbeb951dca54c) Importer(815301076,1909f56bfc062723c751e8b465ee728b)  -> (artifact id: 'fda81d15735a82b8687d12876abe203e') in 0.026366 seconds
Number of updated asset objects reloaded before import = 0
Number of asset objects unloaded after import = 3
========================================================================
Received Import Request.
  Time since last request: 0.000028 seconds.
  path: Assets/_PROJECT/3RD PARTY/Violet Theme Ui/Colored Icons/Magnet.png
  artifactKey: Guid(bd6ebf661ce04ab4599d54cda1928984) Importer(815301076,1909f56bfc062723c751e8b465ee728b)
Start importing Assets/_PROJECT/3RD PARTY/Violet Theme Ui/Colored Icons/Magnet.png using Guid(bd6ebf661ce04ab4599d54cda1928984) Importer(815301076,1909f56bfc062723c751e8b465ee728b)  -> (artifact id: 'a5ceb482e12e5cc7b273c2f08e5f778b') in 0.024957 seconds
Number of updated asset objects reloaded before import = 0
Number of asset objects unloaded after import = 3
========================================================================
Received Import Request.
  Time since last request: 0.000025 seconds.
  path: Assets/_PROJECT/3RD PARTY/Violet Theme Ui/Colored Icons/Potion Red.png
  artifactKey: Guid(9035a2602b4b6774fb8c30b4f5872fca) Importer(815301076,1909f56bfc062723c751e8b465ee728b)
Start importing Assets/_PROJECT/3RD PARTY/Violet Theme Ui/Colored Icons/Potion Red.png using Guid(9035a2602b4b6774fb8c30b4f5872fca) Importer(815301076,1909f56bfc062723c751e8b465ee728b)  -> (artifact id: 'd3a356b8b4534b38037a66a35e366fa4') in 0.026055 seconds
Number of updated asset objects reloaded before import = 0
Number of asset objects unloaded after import = 3
========================================================================
Received Import Request.
  Time since last request: 0.000038 seconds.
  path: Assets/_PROJECT/3RD PARTY/Violet Theme Ui/Colored Icons/meat.png
  artifactKey: Guid(f2846ec1658c8534d8487b998ae89b4b) Importer(815301076,1909f56bfc062723c751e8b465ee728b)
Start importing Assets/_PROJECT/3RD PARTY/Violet Theme Ui/Colored Icons/meat.png using Guid(f2846ec1658c8534d8487b998ae89b4b) Importer(815301076,1909f56bfc062723c751e8b465ee728b)  -> (artifact id: '4923837ae37218b0645a7a4a884a9b11') in 0.029947 seconds
Number of updated asset objects reloaded before import = 0
Number of asset objects unloaded after import = 3
Editor requested this worker to shutdown with reason: Scaling down because of idle timeout
TcpMessagingSession - receive error: operation aborted. errorcode: 995, details: Bir iþ parçacýðý çýkýþý veya bir uygulama isteði nedeniyle G/Ç iþlemi iptal edildi.
AssetImportWorker is now disconnected from the server
Process exiting
Exiting without the bug reporter. Application will terminate with return code 0