Using pre-set license
Built from '2022.3/staging' branch; Version is '2022.3.26f1 (ec6cd8118806) revision 15494360'; Using compiler version '192829333'; Build Type 'Release'
OS: 'Windows 10  (10.0.19045) 64bit Core' Language: 'tr' Physical Memory: 32607 MB
BatchMode: 1, IsHumanControllingUs: 0, StartBugReporterOnCrash: 0, Is64bit: 1, IsPro: 1

COMMAND LINE ARGUMENTS:
C:\Program Files\Unity\Hub\Editor\2022.3.26f1-x86_64\Editor\Unity.exe
-adb2
-batchMode
-noUpm
-name
AssetImportWorker9
-projectPath
C:/Users/90535/Desktop/Arduwand Academy/UnityProject
-logFile
Logs/AssetImportWorker9.log
-srvPort
8906
Successfully changed project path to: C:/Users/90535/Desktop/Arduwand Academy/UnityProject
C:/Users/90535/Desktop/Arduwand Academy/UnityProject
[UnityMemory] Configuration Parameters - Can be set up in boot.config
    "memorysetup-bucket-allocator-granularity=16"
    "memorysetup-bucket-allocator-bucket-count=8"
    "memorysetup-bucket-allocator-block-size=33554432"
    "memorysetup-bucket-allocator-block-count=8"
    "memorysetup-main-allocator-block-size=16777216"
    "memorysetup-thread-allocator-block-size=16777216"
    "memorysetup-gfx-main-allocator-block-size=16777216"
    "memorysetup-gfx-thread-allocator-block-size=16777216"
    "memorysetup-cache-allocator-block-size=4194304"
    "memorysetup-typetree-allocator-block-size=2097152"
    "memorysetup-profiler-bucket-allocator-granularity=16"
    "memorysetup-profiler-bucket-allocator-bucket-count=8"
    "memorysetup-profiler-bucket-allocator-block-size=33554432"
    "memorysetup-profiler-bucket-allocator-block-count=8"
    "memorysetup-profiler-allocator-block-size=16777216"
    "memorysetup-profiler-editor-allocator-block-size=1048576"
    "memorysetup-temp-allocator-size-main=16777216"
    "memorysetup-job-temp-allocator-block-size=2097152"
    "memorysetup-job-temp-allocator-block-size-background=1048576"
    "memorysetup-job-temp-allocator-reduction-small-platforms=262144"
    "memorysetup-allocator-temp-initial-block-size-main=262144"
    "memorysetup-allocator-temp-initial-block-size-worker=262144"
    "memorysetup-temp-allocator-size-background-worker=32768"
    "memorysetup-temp-allocator-size-job-worker=262144"
    "memorysetup-temp-allocator-size-preload-manager=33554432"
    "memorysetup-temp-allocator-size-nav-mesh-worker=65536"
    "memorysetup-temp-allocator-size-audio-worker=65536"
    "memorysetup-temp-allocator-size-cloud-worker=32768"
    "memorysetup-temp-allocator-size-gi-baking-worker=262144"
    "memorysetup-temp-allocator-size-gfx=262144"
Player connection [12436] Host "[IP] 10.85.14.122 [Port] 0 [Flags] 2 [Guid] 4110735510 [EditorId] 4110735510 [Version] 1048832 [Id] WindowsEditor(7,DESKTOP-57UG6SP) [Debug] 1 [PackageName] WindowsEditor [ProjectName] Editor" joined multi-casting on [225.0.0.222:54997]...

Player connection [12436] Host "[IP] 10.85.14.122 [Port] 0 [Flags] 2 [Guid] 4110735510 [EditorId] 4110735510 [Version] 1048832 [Id] WindowsEditor(7,DESKTOP-57UG6SP) [Debug] 1 [PackageName] WindowsEditor [ProjectName] Editor" joined alternative multi-casting on [225.0.0.222:34997]...

[Physics::Module] Initialized MultithreadedJobDispatcher with 11 workers.
Refreshing native plugins compatible for Editor in 12.94 ms, found 5 plugins.
Preloading 0 native plugins for Editor in 0.00 ms.
Initialize engine version: 2022.3.26f1 (ec6cd8118806)
[Subsystems] Discovering subsystems at path C:/Program Files/Unity/Hub/Editor/2022.3.26f1-x86_64/Editor/Data/Resources/UnitySubsystems
[Subsystems] Discovering subsystems at path C:/Users/90535/Desktop/Arduwand Academy/UnityProject/Assets
GfxDevice: creating device client; threaded=0; jobified=0
Direct3D:
    Version:  Direct3D 11.0 [level 11.1]
    Renderer: NVIDIA GeForce RTX 2080 with Max-Q Design (ID=0x1e90)
    Vendor:   NVIDIA
    VRAM:     7989 MB
    Driver:   32.0.15.6614
Initialize mono
Mono path[0] = 'C:/Program Files/Unity/Hub/Editor/2022.3.26f1-x86_64/Editor/Data/Managed'
Mono path[1] = 'C:/Program Files/Unity/Hub/Editor/2022.3.26f1-x86_64/Editor/Data/MonoBleedingEdge/lib/mono/unityjit-win32'
Mono config path = 'C:/Program Files/Unity/Hub/Editor/2022.3.26f1-x86_64/Editor/Data/MonoBleedingEdge/etc'
Using monoOptions --debugger-agent=transport=dt_socket,embedding=1,server=y,suspend=n,address=127.0.0.1:56468
Begin MonoManager ReloadAssembly
Registering precompiled unity dll's ...
Register platform support module: C:/Program Files/Unity/Hub/Editor/2022.3.26f1-x86_64/Editor/Data/PlaybackEngines/WindowsStandaloneSupport/UnityEditor.WindowsStandalone.Extensions.dll
Registered in 0.011005 seconds.
- Loaded All Assemblies, in  0.444 seconds
Native extension for WindowsStandalone target not found
Mono: successfully reloaded assembly
- Finished resetting the current domain, in  0.329 seconds
Domain Reload Profiling: 770ms
	BeginReloadAssembly (118ms)
		ExecutionOrderSort (0ms)
		DisableScriptedObjects (0ms)
		BackupInstance (0ms)
		ReleaseScriptingObjects (0ms)
		CreateAndSetChildDomain (1ms)
	RebuildCommonClasses (50ms)
	RebuildNativeTypeToScriptingClass (24ms)
	initialDomainReloadingComplete (75ms)
	LoadAllAssembliesAndSetupDomain (174ms)
		LoadAssemblies (115ms)
		RebuildTransferFunctionScriptingTraits (0ms)
		AnalyzeDomain (172ms)
			TypeCache.Refresh (170ms)
				TypeCache.ScanAssembly (155ms)
			ScanForSourceGeneratedMonoScriptInfo (0ms)
			ResolveRequiredComponents (0ms)
	FinalizeReload (329ms)
		ReleaseScriptCaches (0ms)
		RebuildScriptCaches (0ms)
		SetupLoadedEditorAssemblies (264ms)
			LogAssemblyErrors (0ms)
			InitializePlatformSupportModulesInManaged (11ms)
			SetLoadedEditorAssemblies (9ms)
			RefreshPlugins (0ms)
			BeforeProcessingInitializeOnLoad (2ms)
			ProcessInitializeOnLoadAttributes (182ms)
			ProcessInitializeOnLoadMethodAttributes (60ms)
			AfterProcessingInitializeOnLoad (0ms)
			EditorAssembliesLoaded (0ms)
		ExecutionOrderSort2 (0ms)
		AwakeInstancesAfterBackupRestoration (0ms)
========================================================================
Worker process is ready to serve import requests
Begin MonoManager ReloadAssembly
- Loaded All Assemblies, in  0.733 seconds
Refreshing native plugins compatible for Editor in 4.43 ms, found 5 plugins.
Native extension for WindowsStandalone target not found
Package Manager log level set to [2]
[Package Manager] Server::EnsureServerProcessIsRunning -- launch failed, reason: Unity was launched with the -noUpm command-line argument
[Package Manager] UpmClient::Send -- Unable to send message (not connected to UPM process).
[Package Manager] Cannot connect to Unity Package Manager local server
Mono: successfully reloaded assembly
- Finished resetting the current domain, in  0.879 seconds
Domain Reload Profiling: 1610ms
	BeginReloadAssembly (185ms)
		ExecutionOrderSort (0ms)
		DisableScriptedObjects (6ms)
		BackupInstance (0ms)
		ReleaseScriptingObjects (0ms)
		CreateAndSetChildDomain (30ms)
	RebuildCommonClasses (39ms)
	RebuildNativeTypeToScriptingClass (14ms)
	initialDomainReloadingComplete (54ms)
	LoadAllAssembliesAndSetupDomain (439ms)
		LoadAssemblies (341ms)
		RebuildTransferFunctionScriptingTraits (0ms)
		AnalyzeDomain (200ms)
			TypeCache.Refresh (166ms)
				TypeCache.ScanAssembly (147ms)
			ScanForSourceGeneratedMonoScriptInfo (19ms)
			ResolveRequiredComponents (13ms)
	FinalizeReload (880ms)
		ReleaseScriptCaches (0ms)
		RebuildScriptCaches (0ms)
		SetupLoadedEditorAssemblies (690ms)
			LogAssemblyErrors (0ms)
			InitializePlatformSupportModulesInManaged (7ms)
			SetLoadedEditorAssemblies (5ms)
			RefreshPlugins (0ms)
			BeforeProcessingInitializeOnLoad (72ms)
			ProcessInitializeOnLoadAttributes (509ms)
			ProcessInitializeOnLoadMethodAttributes (88ms)
			AfterProcessingInitializeOnLoad (9ms)
			EditorAssembliesLoaded (0ms)
		ExecutionOrderSort2 (0ms)
		AwakeInstancesAfterBackupRestoration (8ms)
Launched and connected shader compiler UnityShaderCompiler.exe after 0.07 seconds
Refreshing native plugins compatible for Editor in 7.15 ms, found 5 plugins.
Preloading 0 native plugins for Editor in 0.00 ms.
Unloading 3474 Unused Serialized files (Serialized files now loaded: 0)
Unloading 62 unused Assets / (351.9 KB). Loaded Objects now: 3934.
Memory consumption went from 181.6 MB to 181.3 MB.
Total: 4.469500 ms (FindLiveObjects: 0.382500 ms CreateObjectMapping: 0.318600 ms MarkObjects: 3.440800 ms  DeleteObjects: 0.326300 ms)

AssetImportParameters requested are different than current active one (requested -> active):
  custom:container-demuxer-ogg: 62fdf1f143b41e24485cea50d1cbac27 -> 
  custom:video-decoder-ogg-theora: a1e56fd34408186e4bbccfd4996cb3dc -> 
  custom:framework-win-MediaFoundation: 216162199b28c13a410421893ffa2e32 -> 
  custom:CustomObjectIndexerAttribute: 72b91833f83ae208fae7752999fa3104 -> 
  custom:container-demuxer-webm: 4f35f7cbe854078d1ac9338744f61a02 -> 
  custom:container-muxer-webm: aa71ff27fc2769a1b78a27578f13a17b -> 
  custom:video-decoder-webm-vp8: 9c59270c3fd7afecdb556c50c9e8de78 -> 
  custom:SearchIndexIgnoredProperties: e643bd26f0fe6173181afceb89e7c659 -> 
  custom:AudioImporter_EditorPlatform: d09bf68614088b80899f8185d706f6e7 -> 
  custom:video-encoder-webm-vp8: eb34c28f22e8b96e1ab97ce403110664 -> 
  custom:audio-decoder-ogg-vorbis: bf7c407c2cedff20999df2af8eb42d56 -> 
  custom:audio-encoder-webm-vorbis: bf7c407c2cedff20999df2af8eb42d56 -> 
========================================================================
Received Import Request.
  Time since last request: 89054.355556 seconds.
  path: Assets/_PROJECT/Art/Gestures/Grabbing.png
  artifactKey: Guid(651b180c02f3ed347bf134d1baae36ab) Importer(815301076,1909f56bfc062723c751e8b465ee728b)
Start importing Assets/_PROJECT/Art/Gestures/Grabbing.png using Guid(651b180c02f3ed347bf134d1baae36ab) Importer(815301076,1909f56bfc062723c751e8b465ee728b)  -> (artifact id: 'de3f5f269750f2638945fb003391a7c9') in 0.209438 seconds
Number of updated asset objects reloaded before import = 0
Number of asset objects unloaded after import = 3
========================================================================
Received Import Request.
  Time since last request: 0.000025 seconds.
  path: Assets/_PROJECT/Art/Gestures/Touch.png
  artifactKey: Guid(93a5180263a7e7240ac0ca8e9754ffda) Importer(815301076,1909f56bfc062723c751e8b465ee728b)
Start importing Assets/_PROJECT/Art/Gestures/Touch.png using Guid(93a5180263a7e7240ac0ca8e9754ffda) Importer(815301076,1909f56bfc062723c751e8b465ee728b)  -> (artifact id: '70e20435bfc302bea0656766fb78da62') in 0.034879 seconds
Number of updated asset objects reloaded before import = 0
Number of asset objects unloaded after import = 3
========================================================================
Received Prepare
Begin MonoManager ReloadAssembly
- Loaded All Assemblies, in  0.823 seconds
Refreshing native plugins compatible for Editor in 7.15 ms, found 5 plugins.
Native extension for WindowsStandalone target not found
[Package Manager] Server::EnsureServerProcessIsRunning -- launch failed, reason: Unity was launched with the -noUpm command-line argument
[Package Manager] UpmClient::Send -- Unable to send message (not connected to UPM process).
[Package Manager] Cannot connect to Unity Package Manager local server
Mono: successfully reloaded assembly
- Finished resetting the current domain, in  1.814 seconds
Domain Reload Profiling: 2632ms
	BeginReloadAssembly (310ms)
		ExecutionOrderSort (0ms)
		DisableScriptedObjects (7ms)
		BackupInstance (0ms)
		ReleaseScriptingObjects (0ms)
		CreateAndSetChildDomain (57ms)
	RebuildCommonClasses (71ms)
	RebuildNativeTypeToScriptingClass (22ms)
	initialDomainReloadingComplete (49ms)
	LoadAllAssembliesAndSetupDomain (367ms)
		LoadAssemblies (505ms)
		RebuildTransferFunctionScriptingTraits (0ms)
		AnalyzeDomain (67ms)
			TypeCache.Refresh (15ms)
				TypeCache.ScanAssembly (2ms)
			ScanForSourceGeneratedMonoScriptInfo (37ms)
			ResolveRequiredComponents (14ms)
	FinalizeReload (1815ms)
		ReleaseScriptCaches (0ms)
		RebuildScriptCaches (0ms)
		SetupLoadedEditorAssemblies (852ms)
			LogAssemblyErrors (0ms)
			InitializePlatformSupportModulesInManaged (8ms)
			SetLoadedEditorAssemblies (4ms)
			RefreshPlugins (0ms)
			BeforeProcessingInitializeOnLoad (113ms)
			ProcessInitializeOnLoadAttributes (606ms)
			ProcessInitializeOnLoadMethodAttributes (105ms)
			AfterProcessingInitializeOnLoad (15ms)
			EditorAssembliesLoaded (0ms)
		ExecutionOrderSort2 (0ms)
		AwakeInstancesAfterBackupRestoration (31ms)
Refreshing native plugins compatible for Editor in 10.51 ms, found 5 plugins.
Preloading 0 native plugins for Editor in 0.00 ms.
Unloading 3296 Unused Serialized files (Serialized files now loaded: 0)
Unloading 40 unused Assets / (319.1 KB). Loaded Objects now: 3946.
Memory consumption went from 153.2 MB to 152.9 MB.
Total: 5.937700 ms (FindLiveObjects: 0.413800 ms CreateObjectMapping: 0.355100 ms MarkObjects: 5.001100 ms  DeleteObjects: 0.166400 ms)

Prepare: number of updated asset objects reloaded= 0
AssetImportParameters requested are different than current active one (requested -> active):
  custom:container-demuxer-ogg: 62fdf1f143b41e24485cea50d1cbac27 -> 
  custom:video-decoder-ogg-theora: a1e56fd34408186e4bbccfd4996cb3dc -> 
  custom:framework-win-MediaFoundation: 216162199b28c13a410421893ffa2e32 -> 
  custom:CustomObjectIndexerAttribute: 72b91833f83ae208fae7752999fa3104 -> 
  custom:container-demuxer-webm: 4f35f7cbe854078d1ac9338744f61a02 -> 
  custom:container-muxer-webm: aa71ff27fc2769a1b78a27578f13a17b -> 
  custom:video-decoder-webm-vp8: 9c59270c3fd7afecdb556c50c9e8de78 -> 
  custom:SearchIndexIgnoredProperties: e643bd26f0fe6173181afceb89e7c659 -> 
  custom:AudioImporter_EditorPlatform: d09bf68614088b80899f8185d706f6e7 -> 
  custom:video-encoder-webm-vp8: eb34c28f22e8b96e1ab97ce403110664 -> 
  custom:audio-decoder-ogg-vorbis: bf7c407c2cedff20999df2af8eb42d56 -> 
  custom:audio-encoder-webm-vorbis: bf7c407c2cedff20999df2af8eb42d56 -> 
========================================================================
Received Import Request.
  Time since last request: 151.047635 seconds.
  path: Assets/_PROJECT/3RD PARTY/Violet Theme Ui/Colored Icons/Store 1.png
  artifactKey: Guid(448349a00cacb4d4a9f92ac041a2cfb4) Importer(815301076,1909f56bfc062723c751e8b465ee728b)
Start importing Assets/_PROJECT/3RD PARTY/Violet Theme Ui/Colored Icons/Store 1.png using Guid(448349a00cacb4d4a9f92ac041a2cfb4) Importer(815301076,1909f56bfc062723c751e8b465ee728b)  -> (artifact id: '2dc929f55cee9531ae8a7500d820a401') in 0.119552 seconds
Number of updated asset objects reloaded before import = 0
Number of asset objects unloaded after import = 3
========================================================================
Received Import Request.
  Time since last request: 0.000028 seconds.
  path: Assets/_PROJECT/3RD PARTY/Violet Theme Ui/Switch/Switch On Violet.png
  artifactKey: Guid(f8d9fa4aa387eed45849d848b837bc61) Importer(815301076,1909f56bfc062723c751e8b465ee728b)
Start importing Assets/_PROJECT/3RD PARTY/Violet Theme Ui/Switch/Switch On Violet.png using Guid(f8d9fa4aa387eed45849d848b837bc61) Importer(815301076,1909f56bfc062723c751e8b465ee728b)  -> (artifact id: '2c00be3d956bd57b377fc960e7def453') in 0.030239 seconds
Number of updated asset objects reloaded before import = 0
Number of asset objects unloaded after import = 3
========================================================================
Received Import Request.
  Time since last request: 0.000035 seconds.
  path: Assets/_PROJECT/3RD PARTY/Violet Theme Ui/Colored Icons/Timer.png
  artifactKey: Guid(12d33c45df2a46642bbc13c03009055b) Importer(815301076,1909f56bfc062723c751e8b465ee728b)
Start importing Assets/_PROJECT/3RD PARTY/Violet Theme Ui/Colored Icons/Timer.png using Guid(12d33c45df2a46642bbc13c03009055b) Importer(815301076,1909f56bfc062723c751e8b465ee728b)  -> (artifact id: 'c34bc3db5a501311d05118666b351be1') in 0.027076 seconds
Number of updated asset objects reloaded before import = 0
Number of asset objects unloaded after import = 3
========================================================================
Received Import Request.
  Time since last request: 0.000018 seconds.
  path: Assets/_PROJECT/3RD PARTY/Violet Theme Ui/Toggles/Toggle Fill Pink.png
  artifactKey: Guid(4135a87dd7182ca4ba28587e8cf76f35) Importer(815301076,1909f56bfc062723c751e8b465ee728b)
Start importing Assets/_PROJECT/3RD PARTY/Violet Theme Ui/Toggles/Toggle Fill Pink.png using Guid(4135a87dd7182ca4ba28587e8cf76f35) Importer(815301076,1909f56bfc062723c751e8b465ee728b)  -> (artifact id: 'eee809e30f4765ef490d8143885ead46') in 0.031138 seconds
Number of updated asset objects reloaded before import = 0
Number of asset objects unloaded after import = 3
========================================================================
Received Import Request.
  Time since last request: 0.000016 seconds.
  path: Assets/_PROJECT/3RD PARTY/Violet Theme Ui/Colored Icons/Trophy.png
  artifactKey: Guid(3522f1dff3fd3564c98cbbb56b303b6b) Importer(815301076,1909f56bfc062723c751e8b465ee728b)
Start importing Assets/_PROJECT/3RD PARTY/Violet Theme Ui/Colored Icons/Trophy.png using Guid(3522f1dff3fd3564c98cbbb56b303b6b) Importer(815301076,1909f56bfc062723c751e8b465ee728b)  -> (artifact id: '88c36f10ab40bc570c99f42e3c80c264') in 0.031910 seconds
Number of updated asset objects reloaded before import = 0
Number of asset objects unloaded after import = 3
========================================================================
Received Import Request.
  Time since last request: 0.000022 seconds.
  path: Assets/_PROJECT/3RD PARTY/Violet Theme Ui/Toggles/Toggle Fill Yellow.png
  artifactKey: Guid(a97da46e2d41bc6468895a250dec00db) Importer(815301076,1909f56bfc062723c751e8b465ee728b)
Start importing Assets/_PROJECT/3RD PARTY/Violet Theme Ui/Toggles/Toggle Fill Yellow.png using Guid(a97da46e2d41bc6468895a250dec00db) Importer(815301076,1909f56bfc062723c751e8b465ee728b)  -> (artifact id: 'cf2182d99d117192e94c8ce2cc271742') in 0.026209 seconds
Number of updated asset objects reloaded before import = 0
Number of asset objects unloaded after import = 3
========================================================================
Received Import Request.
  Time since last request: 0.000090 seconds.
  path: Assets/_PROJECT/3RD PARTY/Violet Theme Ui/Toggles/Toggle Fill Orange.png
  artifactKey: Guid(b13761cdab549c14f86ee1256f9a8d2d) Importer(815301076,1909f56bfc062723c751e8b465ee728b)
Start importing Assets/_PROJECT/3RD PARTY/Violet Theme Ui/Toggles/Toggle Fill Orange.png using Guid(b13761cdab549c14f86ee1256f9a8d2d) Importer(815301076,1909f56bfc062723c751e8b465ee728b)  -> (artifact id: '442202f82e24916334f7ce9b5f9cd91a') in 0.036856 seconds
Number of updated asset objects reloaded before import = 0
Number of asset objects unloaded after import = 3
========================================================================
Received Import Request.
  Time since last request: 0.000025 seconds.
  path: Assets/_PROJECT/3RD PARTY/Violet Theme Ui/Switch/Switch On Orange.png
  artifactKey: Guid(9cfba0c5f2e0a1348a792f8a72c9e429) Importer(815301076,1909f56bfc062723c751e8b465ee728b)
Start importing Assets/_PROJECT/3RD PARTY/Violet Theme Ui/Switch/Switch On Orange.png using Guid(9cfba0c5f2e0a1348a792f8a72c9e429) Importer(815301076,1909f56bfc062723c751e8b465ee728b)  -> (artifact id: 'dfc535e2f68ae62d20de03fdcb655c56') in 0.023432 seconds
Number of updated asset objects reloaded before import = 0
Number of asset objects unloaded after import = 3
========================================================================
Received Import Request.
  Time since last request: 0.000034 seconds.
  path: Assets/_PROJECT/3RD PARTY/Violet Theme Ui/Toggles/Toggle Background.png
  artifactKey: Guid(ab07d3905ed943549afe9267580f3dec) Importer(815301076,1909f56bfc062723c751e8b465ee728b)
Start importing Assets/_PROJECT/3RD PARTY/Violet Theme Ui/Toggles/Toggle Background.png using Guid(ab07d3905ed943549afe9267580f3dec) Importer(815301076,1909f56bfc062723c751e8b465ee728b)  -> (artifact id: '3c24f5bf9404b007b3f35be038f08078') in 0.025788 seconds
Number of updated asset objects reloaded before import = 0
Number of asset objects unloaded after import = 3
========================================================================
Received Import Request.
  Time since last request: 0.000018 seconds.
  path: Assets/_PROJECT/3RD PARTY/Violet Theme Ui/Colored Icons/Store 2.png
  artifactKey: Guid(c1db3d1c6576a28499770b3b9fc946e3) Importer(815301076,1909f56bfc062723c751e8b465ee728b)
Start importing Assets/_PROJECT/3RD PARTY/Violet Theme Ui/Colored Icons/Store 2.png using Guid(c1db3d1c6576a28499770b3b9fc946e3) Importer(815301076,1909f56bfc062723c751e8b465ee728b)  -> (artifact id: '405b120308c2ecf90a0a4bb4e23c5256') in 0.022846 seconds
Number of updated asset objects reloaded before import = 0
Number of asset objects unloaded after import = 3
========================================================================
Received Import Request.
  Time since last request: 0.000019 seconds.
  path: Assets/_PROJECT/3RD PARTY/Violet Theme Ui/Switch/Switch On Pink.png
  artifactKey: Guid(fa6fe729201641442a4095cf28f9019a) Importer(815301076,1909f56bfc062723c751e8b465ee728b)
Start importing Assets/_PROJECT/3RD PARTY/Violet Theme Ui/Switch/Switch On Pink.png using Guid(fa6fe729201641442a4095cf28f9019a) Importer(815301076,1909f56bfc062723c751e8b465ee728b)  -> (artifact id: '26764941118b686aa167783208abccec') in 0.024965 seconds
Number of updated asset objects reloaded before import = 0
Number of asset objects unloaded after import = 3
========================================================================
Received Import Request.
  Time since last request: 0.000021 seconds.
  path: Assets/_PROJECT/3RD PARTY/Violet Theme Ui/Switch/Switch On Red.png
  artifactKey: Guid(57bb1f0c009ff8a41a3bb184e99fd58d) Importer(815301076,1909f56bfc062723c751e8b465ee728b)
Start importing Assets/_PROJECT/3RD PARTY/Violet Theme Ui/Switch/Switch On Red.png using Guid(57bb1f0c009ff8a41a3bb184e99fd58d) Importer(815301076,1909f56bfc062723c751e8b465ee728b)  -> (artifact id: '5b981e52759e91d141757033b711dd53') in 0.023252 seconds
Number of updated asset objects reloaded before import = 0
Number of asset objects unloaded after import = 3
========================================================================
Received Import Request.
  Time since last request: 0.000020 seconds.
  path: Assets/_PROJECT/3RD PARTY/Violet Theme Ui/Switch/Switch On Green.png
  artifactKey: Guid(3a96d4fce97dc364e83803e92b18f87e) Importer(815301076,1909f56bfc062723c751e8b465ee728b)
Start importing Assets/_PROJECT/3RD PARTY/Violet Theme Ui/Switch/Switch On Green.png using Guid(3a96d4fce97dc364e83803e92b18f87e) Importer(815301076,1909f56bfc062723c751e8b465ee728b)  -> (artifact id: '552c1e5500bd42eb2bc0a50f7beed7e9') in 0.019947 seconds
Number of updated asset objects reloaded before import = 0
Number of asset objects unloaded after import = 3
========================================================================
Received Import Request.
  Time since last request: 1.556787 seconds.
  path: Assets/_PROJECT/3RD PARTY/Epic Toon FX/Textures/star.png
  artifactKey: Guid(93f8abb6df8f9f348910ec6328660560) Importer(815301076,1909f56bfc062723c751e8b465ee728b)
Start importing Assets/_PROJECT/3RD PARTY/Epic Toon FX/Textures/star.png using Guid(93f8abb6df8f9f348910ec6328660560) Importer(815301076,1909f56bfc062723c751e8b465ee728b)  -> (artifact id: '28832274984e23a773fbcf25951a2cb9') in 0.019207 seconds
Number of updated asset objects reloaded before import = 0
Number of asset objects unloaded after import = 2
========================================================================
Received Import Request.
  Time since last request: 0.000020 seconds.
  path: Assets/_PROJECT/3RD PARTY/Epic Toon FX/Textures/star_outlined_colored.png
  artifactKey: Guid(a4e52c23f174acd4fbf8b0b3b6042219) Importer(815301076,1909f56bfc062723c751e8b465ee728b)
Start importing Assets/_PROJECT/3RD PARTY/Epic Toon FX/Textures/star_outlined_colored.png using Guid(a4e52c23f174acd4fbf8b0b3b6042219) Importer(815301076,1909f56bfc062723c751e8b465ee728b)  -> (artifact id: 'b62755c592652d9cab1f8f6fba27a45f') in 0.023029 seconds
Number of updated asset objects reloaded before import = 0
Number of asset objects unloaded after import = 2
========================================================================
Received Import Request.
  Time since last request: 0.000021 seconds.
  path: Assets/_PROJECT/3RD PARTY/Epic Toon FX/Textures/star_outline.png
  artifactKey: Guid(c649c32e9a435234583865c47cd51623) Importer(815301076,1909f56bfc062723c751e8b465ee728b)
Start importing Assets/_PROJECT/3RD PARTY/Epic Toon FX/Textures/star_outline.png using Guid(c649c32e9a435234583865c47cd51623) Importer(815301076,1909f56bfc062723c751e8b465ee728b)  -> (artifact id: '2edcbb2cfec65161c4a84517f7c60ffc') in 0.019024 seconds
Number of updated asset objects reloaded before import = 0
Number of asset objects unloaded after import = 2
Editor requested this worker to shutdown with reason: Scaling down because of idle timeout
TcpMessagingSession - receive error: operation aborted. errorcode: 995, details: Bir iþ parçacýðý çýkýþý veya bir uygulama isteði nedeniyle G/Ç iþlemi iptal edildi.
AssetImportWorker is now disconnected from the server
Process exiting
Exiting without the bug reporter. Application will terminate with return code 0