Using pre-set license
Built from '2022.3/staging' branch; Version is '2022.3.26f1 (ec6cd8118806) revision 15494360'; Using compiler version '192829333'; Build Type 'Release'
OS: 'Windows 10  (10.0.19045) 64bit Core' Language: 'tr' Physical Memory: 32607 MB
BatchMode: 1, IsHumanControllingUs: 0, StartBugReporterOnCrash: 0, Is64bit: 1, IsPro: 1

COMMAND LINE ARGUMENTS:
C:\Program Files\Unity\Hub\Editor\2022.3.26f1-x86_64\Editor\Unity.exe
-adb2
-batchMode
-noUpm
-name
AssetImportWorker4
-projectPath
C:/Users/90535/Desktop/Arduwand Academy/UnityProject
-logFile
Logs/AssetImportWorker4.log
-srvPort
8906
Successfully changed project path to: C:/Users/90535/Desktop/Arduwand Academy/UnityProject
C:/Users/90535/Desktop/Arduwand Academy/UnityProject
[UnityMemory] Configuration Parameters - Can be set up in boot.config
    "memorysetup-bucket-allocator-granularity=16"
    "memorysetup-bucket-allocator-bucket-count=8"
    "memorysetup-bucket-allocator-block-size=33554432"
    "memorysetup-bucket-allocator-block-count=8"
    "memorysetup-main-allocator-block-size=16777216"
    "memorysetup-thread-allocator-block-size=16777216"
    "memorysetup-gfx-main-allocator-block-size=16777216"
    "memorysetup-gfx-thread-allocator-block-size=16777216"
    "memorysetup-cache-allocator-block-size=4194304"
    "memorysetup-typetree-allocator-block-size=2097152"
    "memorysetup-profiler-bucket-allocator-granularity=16"
    "memorysetup-profiler-bucket-allocator-bucket-count=8"
    "memorysetup-profiler-bucket-allocator-block-size=33554432"
    "memorysetup-profiler-bucket-allocator-block-count=8"
    "memorysetup-profiler-allocator-block-size=16777216"
    "memorysetup-profiler-editor-allocator-block-size=1048576"
    "memorysetup-temp-allocator-size-main=16777216"
    "memorysetup-job-temp-allocator-block-size=2097152"
    "memorysetup-job-temp-allocator-block-size-background=1048576"
    "memorysetup-job-temp-allocator-reduction-small-platforms=262144"
    "memorysetup-allocator-temp-initial-block-size-main=262144"
    "memorysetup-allocator-temp-initial-block-size-worker=262144"
    "memorysetup-temp-allocator-size-background-worker=32768"
    "memorysetup-temp-allocator-size-job-worker=262144"
    "memorysetup-temp-allocator-size-preload-manager=33554432"
    "memorysetup-temp-allocator-size-nav-mesh-worker=65536"
    "memorysetup-temp-allocator-size-audio-worker=65536"
    "memorysetup-temp-allocator-size-cloud-worker=32768"
    "memorysetup-temp-allocator-size-gi-baking-worker=262144"
    "memorysetup-temp-allocator-size-gfx=262144"
Player connection [11384] Host "[IP] 10.85.14.122 [Port] 0 [Flags] 2 [Guid] 1859746562 [EditorId] 1859746562 [Version] 1048832 [Id] WindowsEditor(7,DESKTOP-57UG6SP) [Debug] 1 [PackageName] WindowsEditor [ProjectName] Editor" joined multi-casting on [225.0.0.222:54997]...

Player connection [11384] Host "[IP] 10.85.14.122 [Port] 0 [Flags] 2 [Guid] 1859746562 [EditorId] 1859746562 [Version] 1048832 [Id] WindowsEditor(7,DESKTOP-57UG6SP) [Debug] 1 [PackageName] WindowsEditor [ProjectName] Editor" joined alternative multi-casting on [225.0.0.222:34997]...

[Physics::Module] Initialized MultithreadedJobDispatcher with 11 workers.
Refreshing native plugins compatible for Editor in 11.09 ms, found 5 plugins.
Preloading 0 native plugins for Editor in 0.00 ms.
Initialize engine version: 2022.3.26f1 (ec6cd8118806)
[Subsystems] Discovering subsystems at path C:/Program Files/Unity/Hub/Editor/2022.3.26f1-x86_64/Editor/Data/Resources/UnitySubsystems
[Subsystems] Discovering subsystems at path C:/Users/90535/Desktop/Arduwand Academy/UnityProject/Assets
GfxDevice: creating device client; threaded=0; jobified=0
Direct3D:
    Version:  Direct3D 11.0 [level 11.1]
    Renderer: NVIDIA GeForce RTX 2080 with Max-Q Design (ID=0x1e90)
    Vendor:   NVIDIA
    VRAM:     7989 MB
    Driver:   32.0.15.6614
Initialize mono
Mono path[0] = 'C:/Program Files/Unity/Hub/Editor/2022.3.26f1-x86_64/Editor/Data/Managed'
Mono path[1] = 'C:/Program Files/Unity/Hub/Editor/2022.3.26f1-x86_64/Editor/Data/MonoBleedingEdge/lib/mono/unityjit-win32'
Mono config path = 'C:/Program Files/Unity/Hub/Editor/2022.3.26f1-x86_64/Editor/Data/MonoBleedingEdge/etc'
Using monoOptions --debugger-agent=transport=dt_socket,embedding=1,server=y,suspend=n,address=127.0.0.1:56828
Begin MonoManager ReloadAssembly
Registering precompiled unity dll's ...
Register platform support module: C:/Program Files/Unity/Hub/Editor/2022.3.26f1-x86_64/Editor/Data/PlaybackEngines/WindowsStandaloneSupport/UnityEditor.WindowsStandalone.Extensions.dll
Registered in 0.008981 seconds.
- Loaded All Assemblies, in  0.406 seconds
Native extension for WindowsStandalone target not found
Mono: successfully reloaded assembly
- Finished resetting the current domain, in  0.297 seconds
Domain Reload Profiling: 702ms
	BeginReloadAssembly (118ms)
		ExecutionOrderSort (0ms)
		DisableScriptedObjects (0ms)
		BackupInstance (0ms)
		ReleaseScriptingObjects (0ms)
		CreateAndSetChildDomain (1ms)
	RebuildCommonClasses (45ms)
	RebuildNativeTypeToScriptingClass (16ms)
	initialDomainReloadingComplete (64ms)
	LoadAllAssembliesAndSetupDomain (161ms)
		LoadAssemblies (116ms)
		RebuildTransferFunctionScriptingTraits (0ms)
		AnalyzeDomain (159ms)
			TypeCache.Refresh (158ms)
				TypeCache.ScanAssembly (143ms)
			ScanForSourceGeneratedMonoScriptInfo (0ms)
			ResolveRequiredComponents (0ms)
	FinalizeReload (298ms)
		ReleaseScriptCaches (0ms)
		RebuildScriptCaches (0ms)
		SetupLoadedEditorAssemblies (237ms)
			LogAssemblyErrors (0ms)
			InitializePlatformSupportModulesInManaged (9ms)
			SetLoadedEditorAssemblies (7ms)
			RefreshPlugins (0ms)
			BeforeProcessingInitializeOnLoad (2ms)
			ProcessInitializeOnLoadAttributes (162ms)
			ProcessInitializeOnLoadMethodAttributes (55ms)
			AfterProcessingInitializeOnLoad (0ms)
			EditorAssembliesLoaded (0ms)
		ExecutionOrderSort2 (0ms)
		AwakeInstancesAfterBackupRestoration (0ms)
========================================================================
Worker process is ready to serve import requests
Begin MonoManager ReloadAssembly
- Loaded All Assemblies, in  0.642 seconds
Refreshing native plugins compatible for Editor in 3.94 ms, found 5 plugins.
Native extension for WindowsStandalone target not found
Package Manager log level set to [2]
[Package Manager] Server::EnsureServerProcessIsRunning -- launch failed, reason: Unity was launched with the -noUpm command-line argument
[Package Manager] UpmClient::Send -- Unable to send message (not connected to UPM process).
[Package Manager] Cannot connect to Unity Package Manager local server
Mono: successfully reloaded assembly
- Finished resetting the current domain, in  0.738 seconds
Domain Reload Profiling: 1377ms
	BeginReloadAssembly (157ms)
		ExecutionOrderSort (0ms)
		DisableScriptedObjects (6ms)
		BackupInstance (0ms)
		ReleaseScriptingObjects (0ms)
		CreateAndSetChildDomain (20ms)
	RebuildCommonClasses (37ms)
	RebuildNativeTypeToScriptingClass (18ms)
	initialDomainReloadingComplete (45ms)
	LoadAllAssembliesAndSetupDomain (381ms)
		LoadAssemblies (309ms)
		RebuildTransferFunctionScriptingTraits (0ms)
		AnalyzeDomain (167ms)
			TypeCache.Refresh (134ms)
				TypeCache.ScanAssembly (120ms)
			ScanForSourceGeneratedMonoScriptInfo (23ms)
			ResolveRequiredComponents (9ms)
	FinalizeReload (739ms)
		ReleaseScriptCaches (0ms)
		RebuildScriptCaches (0ms)
		SetupLoadedEditorAssemblies (574ms)
			LogAssemblyErrors (0ms)
			InitializePlatformSupportModulesInManaged (8ms)
			SetLoadedEditorAssemblies (3ms)
			RefreshPlugins (0ms)
			BeforeProcessingInitializeOnLoad (68ms)
			ProcessInitializeOnLoadAttributes (410ms)
			ProcessInitializeOnLoadMethodAttributes (77ms)
			AfterProcessingInitializeOnLoad (8ms)
			EditorAssembliesLoaded (0ms)
		ExecutionOrderSort2 (0ms)
		AwakeInstancesAfterBackupRestoration (8ms)
Launched and connected shader compiler UnityShaderCompiler.exe after 0.07 seconds
Refreshing native plugins compatible for Editor in 7.51 ms, found 5 plugins.
Preloading 0 native plugins for Editor in 0.00 ms.
Unloading 3474 Unused Serialized files (Serialized files now loaded: 0)
Unloading 62 unused Assets / (350.5 KB). Loaded Objects now: 3934.
Memory consumption went from 181.9 MB to 181.6 MB.
Total: 5.592700 ms (FindLiveObjects: 0.339300 ms CreateObjectMapping: 0.299800 ms MarkObjects: 4.683200 ms  DeleteObjects: 0.269000 ms)

AssetImportParameters requested are different than current active one (requested -> active):
  custom:container-demuxer-ogg: 62fdf1f143b41e24485cea50d1cbac27 -> 
  custom:video-decoder-ogg-theora: a1e56fd34408186e4bbccfd4996cb3dc -> 
  custom:framework-win-MediaFoundation: 216162199b28c13a410421893ffa2e32 -> 
  custom:CustomObjectIndexerAttribute: 72b91833f83ae208fae7752999fa3104 -> 
  custom:container-demuxer-webm: 4f35f7cbe854078d1ac9338744f61a02 -> 
  custom:container-muxer-webm: aa71ff27fc2769a1b78a27578f13a17b -> 
  custom:video-decoder-webm-vp8: 9c59270c3fd7afecdb556c50c9e8de78 -> 
  custom:SearchIndexIgnoredProperties: e643bd26f0fe6173181afceb89e7c659 -> 
  custom:AudioImporter_EditorPlatform: d09bf68614088b80899f8185d706f6e7 -> 
  custom:video-encoder-webm-vp8: eb34c28f22e8b96e1ab97ce403110664 -> 
  custom:audio-decoder-ogg-vorbis: bf7c407c2cedff20999df2af8eb42d56 -> 
  custom:audio-encoder-webm-vorbis: bf7c407c2cedff20999df2af8eb42d56 -> 
========================================================================
Received Import Request.
  Time since last request: 88347.338477 seconds.
  path: Assets/_PROJECT/3RD PARTY/Violet Theme Ui/Buttons/Button Blue.png
  artifactKey: Guid(4edd415ab2cd6784ea5e7905122a703d) Importer(815301076,1909f56bfc062723c751e8b465ee728b)
Start importing Assets/_PROJECT/3RD PARTY/Violet Theme Ui/Buttons/Button Blue.png using Guid(4edd415ab2cd6784ea5e7905122a703d) Importer(815301076,1909f56bfc062723c751e8b465ee728b)  -> (artifact id: '05a71c054f05ddabadfbd1f782dc391c') in 0.159209 seconds
Number of updated asset objects reloaded before import = 0
Number of asset objects unloaded after import = 3
========================================================================
Received Import Request.
  Time since last request: 3.245380 seconds.
  path: Assets/_PROJECT/3RD PARTY/Background for mobile games, forest/Demo
  artifactKey: Guid(a863f7698480c124283ba66a7232e997) Importer(815301076,1909f56bfc062723c751e8b465ee728b)
Start importing Assets/_PROJECT/3RD PARTY/Background for mobile games, forest/Demo using Guid(a863f7698480c124283ba66a7232e997) Importer(815301076,1909f56bfc062723c751e8b465ee728b)  -> (artifact id: 'f911bad56cee4274c505da6555e9b573') in 0.000957 seconds
Number of updated asset objects reloaded before import = 0
Number of asset objects unloaded after import = 0
========================================================================
Received Import Request.
  Time since last request: 1.773603 seconds.
  path: Assets/_PROJECT/3RD PARTY/Background for mobile games, forest/Demo/Demo.unity
  artifactKey: Guid(3fac46b9cce54f645a8b4a1bf887f990) Importer(815301076,1909f56bfc062723c751e8b465ee728b)
Start importing Assets/_PROJECT/3RD PARTY/Background for mobile games, forest/Demo/Demo.unity using Guid(3fac46b9cce54f645a8b4a1bf887f990) Importer(815301076,1909f56bfc062723c751e8b465ee728b)  -> (artifact id: '1acbf25aa95df7f6509e70fd59be42b5') in 0.000814 seconds
Number of updated asset objects reloaded before import = 0
Number of asset objects unloaded after import = 0
========================================================================
Received Import Request.
  Time since last request: 10.563857 seconds.
  path: Assets/_PROJECT/3RD PARTY/Background for mobile games, forest/Prefabs
  artifactKey: Guid(81b9d131df15ff549a23ba92b425feb1) Importer(815301076,1909f56bfc062723c751e8b465ee728b)
Start importing Assets/_PROJECT/3RD PARTY/Background for mobile games, forest/Prefabs using Guid(81b9d131df15ff549a23ba92b425feb1) Importer(815301076,1909f56bfc062723c751e8b465ee728b)  -> (artifact id: 'ed903296d63e54d4814e78d04991e370') in 0.000655 seconds
Number of updated asset objects reloaded before import = 0
Number of asset objects unloaded after import = 0
========================================================================
Received Import Request.
  Time since last request: 0.055833 seconds.
  path: Assets/_PROJECT/3RD PARTY/Background for mobile games, forest/Prefabs/Background, autumn.prefab
  artifactKey: Guid(663dcb8e031487549bd295fc6679dde5) Importer(815301076,1909f56bfc062723c751e8b465ee728b)
Start importing Assets/_PROJECT/3RD PARTY/Background for mobile games, forest/Prefabs/Background, autumn.prefab using Guid(663dcb8e031487549bd295fc6679dde5) Importer(815301076,1909f56bfc062723c751e8b465ee728b)  -> (artifact id: 'd2f0582e12944a30e316ecd3c36f6191') in 0.015036 seconds
Number of updated asset objects reloaded before import = 0
Number of asset objects unloaded after import = 44
========================================================================
Received Import Request.
  Time since last request: 8.233959 seconds.
  path: Assets/_PROJECT/3RD PARTY/Background for mobile games, forest/Prefabs/Background, autumn.prefab
  artifactKey: Guid(663dcb8e031487549bd295fc6679dde5) Importer(815301076,1909f56bfc062723c751e8b465ee728b)
Start importing Assets/_PROJECT/3RD PARTY/Background for mobile games, forest/Prefabs/Background, autumn.prefab using Guid(663dcb8e031487549bd295fc6679dde5) Importer(815301076,1909f56bfc062723c751e8b465ee728b)  -> (artifact id: 'd763947ec8e8a2023011582451920cd6') in 0.003633 seconds
Number of updated asset objects reloaded before import = 0
Number of asset objects unloaded after import = 44
========================================================================
Received Import Request.
  Time since last request: 3.002120 seconds.
  path: Assets/_PROJECT/3RD PARTY/Background for mobile games, forest/Prefabs/Background, autumn.prefab
  artifactKey: Guid(663dcb8e031487549bd295fc6679dde5) Importer(815301076,1909f56bfc062723c751e8b465ee728b)
Start importing Assets/_PROJECT/3RD PARTY/Background for mobile games, forest/Prefabs/Background, autumn.prefab using Guid(663dcb8e031487549bd295fc6679dde5) Importer(815301076,1909f56bfc062723c751e8b465ee728b)  -> (artifact id: '2815b2688b04ba47332c9b8aaacd0aff') in 0.004188 seconds
Number of updated asset objects reloaded before import = 0
Number of asset objects unloaded after import = 44
========================================================================
Received Import Request.
  Time since last request: 0.594879 seconds.
  path: Assets/_PROJECT/3RD PARTY/Background for mobile games, forest/Prefabs/Background, autumn.prefab
  artifactKey: Guid(663dcb8e031487549bd295fc6679dde5) Importer(815301076,1909f56bfc062723c751e8b465ee728b)
Start importing Assets/_PROJECT/3RD PARTY/Background for mobile games, forest/Prefabs/Background, autumn.prefab using Guid(663dcb8e031487549bd295fc6679dde5) Importer(815301076,1909f56bfc062723c751e8b465ee728b)  -> (artifact id: '50c1e58269284599535c9bca191cd24b') in 0.003669 seconds
Number of updated asset objects reloaded before import = 0
Number of asset objects unloaded after import = 44
========================================================================
Received Import Request.
  Time since last request: 3.028167 seconds.
  path: Assets/_PROJECT/3RD PARTY/Background for mobile games, forest/Prefabs/Background, autumn.prefab
  artifactKey: Guid(663dcb8e031487549bd295fc6679dde5) Importer(815301076,1909f56bfc062723c751e8b465ee728b)
Start importing Assets/_PROJECT/3RD PARTY/Background for mobile games, forest/Prefabs/Background, autumn.prefab using Guid(663dcb8e031487549bd295fc6679dde5) Importer(815301076,1909f56bfc062723c751e8b465ee728b)  -> (artifact id: 'a3b231d1165caaa91c969a871bfa26f7') in 0.007088 seconds
Number of updated asset objects reloaded before import = 0
Number of asset objects unloaded after import = 44
========================================================================
Received Import Request.
  Time since last request: 14.051351 seconds.
  path: Assets/_PROJECT/Scenes/Alp.unity
  artifactKey: Guid(2e57a4b6966e12f4ebb53760d8dddd1d) Importer(815301076,1909f56bfc062723c751e8b465ee728b)
Start importing Assets/_PROJECT/Scenes/Alp.unity using Guid(2e57a4b6966e12f4ebb53760d8dddd1d) Importer(815301076,1909f56bfc062723c751e8b465ee728b)  -> (artifact id: 'aa52c550452b530f4f885350fe8cf839') in 0.001051 seconds
Number of updated asset objects reloaded before import = 0
Number of asset objects unloaded after import = 0
========================================================================
Received Import Request.
  Time since last request: 0.821110 seconds.
  path: Assets/_PROJECT/Scenes/Jenny.unity
  artifactKey: Guid(fc38378ccc3a4d449ac079a9388f030f) Importer(815301076,1909f56bfc062723c751e8b465ee728b)
Start importing Assets/_PROJECT/Scenes/Jenny.unity using Guid(fc38378ccc3a4d449ac079a9388f030f) Importer(815301076,1909f56bfc062723c751e8b465ee728b)  -> (artifact id: '7c907cedac5f26cd450617bf577ca072') in 0.000535 seconds
Number of updated asset objects reloaded before import = 0
Number of asset objects unloaded after import = 0
========================================================================
Received Import Request.
  Time since last request: 0.679353 seconds.
  path: Assets/_PROJECT/Scenes/Nezir.unity
  artifactKey: Guid(99c9720ab356a0642a771bea13969a05) Importer(815301076,1909f56bfc062723c751e8b465ee728b)
Start importing Assets/_PROJECT/Scenes/Nezir.unity using Guid(99c9720ab356a0642a771bea13969a05) Importer(815301076,1909f56bfc062723c751e8b465ee728b)  -> (artifact id: '3b5a069b7d3f423960a3fbde5f2ecc69') in 0.000576 seconds
Number of updated asset objects reloaded before import = 0
Number of asset objects unloaded after import = 0
========================================================================
Received Import Request.
  Time since last request: 0.634467 seconds.
  path: Assets/_PROJECT/Scenes/_MAIN.unity
  artifactKey: Guid(012fd4e16a5347144a9c67726f3f01ca) Importer(815301076,1909f56bfc062723c751e8b465ee728b)
Start importing Assets/_PROJECT/Scenes/_MAIN.unity using Guid(012fd4e16a5347144a9c67726f3f01ca) Importer(815301076,1909f56bfc062723c751e8b465ee728b)  -> (artifact id: '19482ead45237e7271703a45dcf100d1') in 0.000840 seconds
Number of updated asset objects reloaded before import = 0
Number of asset objects unloaded after import = 0
========================================================================
Received Import Request.
  Time since last request: 5.816760 seconds.
  path: Assets/_PROJECT/3RD PARTY/Background for mobile games, forest/Textures
  artifactKey: Guid(41f5c7d176861eb4aa349bee52de1106) Importer(815301076,1909f56bfc062723c751e8b465ee728b)
Start importing Assets/_PROJECT/3RD PARTY/Background for mobile games, forest/Textures using Guid(41f5c7d176861eb4aa349bee52de1106) Importer(815301076,1909f56bfc062723c751e8b465ee728b)  -> (artifact id: '03ff2b7b6dff2894c5bec4f42f0e4571') in 0.000542 seconds
Number of updated asset objects reloaded before import = 0
Number of asset objects unloaded after import = 0
========================================================================
Received Import Request.
  Time since last request: 0.057140 seconds.
  path: Assets/_PROJECT/3RD PARTY/Background for mobile games, forest/Textures/Background, autumn_1.png
  artifactKey: Guid(8cc401de261464c40b00a70bd2a79c64) Importer(815301076,1909f56bfc062723c751e8b465ee728b)
Start importing Assets/_PROJECT/3RD PARTY/Background for mobile games, forest/Textures/Background, autumn_1.png using Guid(8cc401de261464c40b00a70bd2a79c64) Importer(815301076,1909f56bfc062723c751e8b465ee728b)  -> (artifact id: '8f75ab9629271daaa22fc560308bd204') in 0.024099 seconds
Number of updated asset objects reloaded before import = 0
Number of asset objects unloaded after import = 3
========================================================================
Received Import Request.
  Time since last request: 0.000019 seconds.
  path: Assets/_PROJECT/3RD PARTY/Background for mobile games, forest/Textures/Background, summer_3.png
  artifactKey: Guid(edd5dfb7b9402ce4cba53800f35307cf) Importer(815301076,1909f56bfc062723c751e8b465ee728b)
Start importing Assets/_PROJECT/3RD PARTY/Background for mobile games, forest/Textures/Background, summer_3.png using Guid(edd5dfb7b9402ce4cba53800f35307cf) Importer(815301076,1909f56bfc062723c751e8b465ee728b)  -> (artifact id: 'b46ed934af5013fcef08ad3cd691892e') in 0.025763 seconds
Number of updated asset objects reloaded before import = 0
Number of asset objects unloaded after import = 3
========================================================================
Received Import Request.
  Time since last request: 0.000026 seconds.
  path: Assets/_PROJECT/3RD PARTY/Background for mobile games, forest/Textures/Background, winter_2.png
  artifactKey: Guid(7b8229f7cba974c4ebba1facd887c04d) Importer(815301076,1909f56bfc062723c751e8b465ee728b)
Start importing Assets/_PROJECT/3RD PARTY/Background for mobile games, forest/Textures/Background, winter_2.png using Guid(7b8229f7cba974c4ebba1facd887c04d) Importer(815301076,1909f56bfc062723c751e8b465ee728b)  -> (artifact id: '3eed037f62da6207ce4a2a2471ba3bd2') in 0.022128 seconds
Number of updated asset objects reloaded before import = 0
Number of asset objects unloaded after import = 3
========================================================================
Received Import Request.
  Time since last request: 0.000023 seconds.
  path: Assets/_PROJECT/3RD PARTY/Background for mobile games, forest/Textures/Background, winter_12.png
  artifactKey: Guid(0b6ccb8276a54d0459f132206cdea7da) Importer(815301076,1909f56bfc062723c751e8b465ee728b)
Start importing Assets/_PROJECT/3RD PARTY/Background for mobile games, forest/Textures/Background, winter_12.png using Guid(0b6ccb8276a54d0459f132206cdea7da) Importer(815301076,1909f56bfc062723c751e8b465ee728b)  -> (artifact id: '3d10646321962f661fa248e3513deeb4') in 0.026360 seconds
Number of updated asset objects reloaded before import = 0
Number of asset objects unloaded after import = 3
========================================================================
Received Import Request.
  Time since last request: 0.000022 seconds.
  path: Assets/_PROJECT/3RD PARTY/Background for mobile games, forest/Textures/Background, summer_10.png
  artifactKey: Guid(f466341fabbe0d3418f8f99fb8e91418) Importer(815301076,1909f56bfc062723c751e8b465ee728b)
Start importing Assets/_PROJECT/3RD PARTY/Background for mobile games, forest/Textures/Background, summer_10.png using Guid(f466341fabbe0d3418f8f99fb8e91418) Importer(815301076,1909f56bfc062723c751e8b465ee728b)  -> (artifact id: 'f875aacb9303495ad96b4f5066ad2958') in 0.022900 seconds
Number of updated asset objects reloaded before import = 0
Number of asset objects unloaded after import = 3
========================================================================
Received Import Request.
  Time since last request: 0.000019 seconds.
  path: Assets/_PROJECT/3RD PARTY/Background for mobile games, forest/Textures/Background, winter_8.png
  artifactKey: Guid(c28e6e40529ebcd468890cd5459fce8c) Importer(815301076,1909f56bfc062723c751e8b465ee728b)
Start importing Assets/_PROJECT/3RD PARTY/Background for mobile games, forest/Textures/Background, winter_8.png using Guid(c28e6e40529ebcd468890cd5459fce8c) Importer(815301076,1909f56bfc062723c751e8b465ee728b)  -> (artifact id: 'c5d95e05715033d592de9ecda1d1a5df') in 0.022420 seconds
Number of updated asset objects reloaded before import = 0
Number of asset objects unloaded after import = 3
========================================================================
Received Import Request.
  Time since last request: 0.000018 seconds.
  path: Assets/_PROJECT/3RD PARTY/Background for mobile games, forest/Textures/Background, summer_7.png
  artifactKey: Guid(1ae33da8a394c3149ac5ff04ead96507) Importer(815301076,1909f56bfc062723c751e8b465ee728b)
Start importing Assets/_PROJECT/3RD PARTY/Background for mobile games, forest/Textures/Background, summer_7.png using Guid(1ae33da8a394c3149ac5ff04ead96507) Importer(815301076,1909f56bfc062723c751e8b465ee728b)  -> (artifact id: 'd896f3923301465e59103551f54d6d77') in 0.024965 seconds
Number of updated asset objects reloaded before import = 0
Number of asset objects unloaded after import = 3
Editor requested this worker to shutdown with reason: Scaling down because of idle timeout
TcpMessagingSession - receive error
AssetImportWorkerClient::OnTransportError - code=2 error=End of file
AssetImportWorker is now disconnected from the server
Process exiting
Exiting without the bug reporter. Application will terminate with return code 0