Using pre-set license
Built from '2022.3/staging' branch; Version is '2022.3.26f1 (ec6cd8118806) revision 15494360'; Using compiler version '192829333'; Build Type 'Release'
OS: 'Windows 10  (10.0.19045) 64bit Core' Language: 'tr' Physical Memory: 32607 MB
BatchMode: 1, IsHumanControllingUs: 0, StartBugReporterOnCrash: 0, Is64bit: 1, IsPro: 1

COMMAND LINE ARGUMENTS:
C:\Program Files\Unity\Hub\Editor\2022.3.26f1-x86_64\Editor\Unity.exe
-adb2
-batchMode
-noUpm
-name
AssetImportWorker6
-projectPath
C:/Users/90535/Desktop/Arduwand Academy/UnityProject
-logFile
Logs/AssetImportWorker6.log
-srvPort
3173
Successfully changed project path to: C:/Users/90535/Desktop/Arduwand Academy/UnityProject
C:/Users/90535/Desktop/Arduwand Academy/UnityProject
[UnityMemory] Configuration Parameters - Can be set up in boot.config
    "memorysetup-bucket-allocator-granularity=16"
    "memorysetup-bucket-allocator-bucket-count=8"
    "memorysetup-bucket-allocator-block-size=33554432"
    "memorysetup-bucket-allocator-block-count=8"
    "memorysetup-main-allocator-block-size=16777216"
    "memorysetup-thread-allocator-block-size=16777216"
    "memorysetup-gfx-main-allocator-block-size=16777216"
    "memorysetup-gfx-thread-allocator-block-size=16777216"
    "memorysetup-cache-allocator-block-size=4194304"
    "memorysetup-typetree-allocator-block-size=2097152"
    "memorysetup-profiler-bucket-allocator-granularity=16"
    "memorysetup-profiler-bucket-allocator-bucket-count=8"
    "memorysetup-profiler-bucket-allocator-block-size=33554432"
    "memorysetup-profiler-bucket-allocator-block-count=8"
    "memorysetup-profiler-allocator-block-size=16777216"
    "memorysetup-profiler-editor-allocator-block-size=1048576"
    "memorysetup-temp-allocator-size-main=16777216"
    "memorysetup-job-temp-allocator-block-size=2097152"
    "memorysetup-job-temp-allocator-block-size-background=1048576"
    "memorysetup-job-temp-allocator-reduction-small-platforms=262144"
    "memorysetup-allocator-temp-initial-block-size-main=262144"
    "memorysetup-allocator-temp-initial-block-size-worker=262144"
    "memorysetup-temp-allocator-size-background-worker=32768"
    "memorysetup-temp-allocator-size-job-worker=262144"
    "memorysetup-temp-allocator-size-preload-manager=33554432"
    "memorysetup-temp-allocator-size-nav-mesh-worker=65536"
    "memorysetup-temp-allocator-size-audio-worker=65536"
    "memorysetup-temp-allocator-size-cloud-worker=32768"
    "memorysetup-temp-allocator-size-gi-baking-worker=262144"
    "memorysetup-temp-allocator-size-gfx=262144"
Player connection [9724] Host "[IP] 10.85.14.122 [Port] 0 [Flags] 2 [Guid] 3114814313 [EditorId] 3114814313 [Version] 1048832 [Id] WindowsEditor(7,DESKTOP-57UG6SP) [Debug] 1 [PackageName] WindowsEditor [ProjectName] Editor" joined multi-casting on [225.0.0.222:54997]...

Player connection [9724] Host "[IP] 10.85.14.122 [Port] 0 [Flags] 2 [Guid] 3114814313 [EditorId] 3114814313 [Version] 1048832 [Id] WindowsEditor(7,DESKTOP-57UG6SP) [Debug] 1 [PackageName] WindowsEditor [ProjectName] Editor" joined alternative multi-casting on [225.0.0.222:34997]...

[Physics::Module] Initialized MultithreadedJobDispatcher with 11 workers.
Refreshing native plugins compatible for Editor in 14.87 ms, found 5 plugins.
Preloading 0 native plugins for Editor in 0.00 ms.
Initialize engine version: 2022.3.26f1 (ec6cd8118806)
[Subsystems] Discovering subsystems at path C:/Program Files/Unity/Hub/Editor/2022.3.26f1-x86_64/Editor/Data/Resources/UnitySubsystems
[Subsystems] Discovering subsystems at path C:/Users/90535/Desktop/Arduwand Academy/UnityProject/Assets
GfxDevice: creating device client; threaded=0; jobified=0
Direct3D:
    Version:  Direct3D 11.0 [level 11.1]
    Renderer: NVIDIA GeForce RTX 2080 with Max-Q Design (ID=0x1e90)
    Vendor:   NVIDIA
    VRAM:     7989 MB
    Driver:   32.0.15.6614
Initialize mono
Mono path[0] = 'C:/Program Files/Unity/Hub/Editor/2022.3.26f1-x86_64/Editor/Data/Managed'
Mono path[1] = 'C:/Program Files/Unity/Hub/Editor/2022.3.26f1-x86_64/Editor/Data/MonoBleedingEdge/lib/mono/unityjit-win32'
Mono config path = 'C:/Program Files/Unity/Hub/Editor/2022.3.26f1-x86_64/Editor/Data/MonoBleedingEdge/etc'
Using monoOptions --debugger-agent=transport=dt_socket,embedding=1,server=y,suspend=n,address=127.0.0.1:56368
Begin MonoManager ReloadAssembly
Registering precompiled unity dll's ...
Register platform support module: C:/Program Files/Unity/Hub/Editor/2022.3.26f1-x86_64/Editor/Data/PlaybackEngines/WindowsStandaloneSupport/UnityEditor.WindowsStandalone.Extensions.dll
Registered in 0.014497 seconds.
- Loaded All Assemblies, in  0.522 seconds
Native extension for WindowsStandalone target not found
Mono: successfully reloaded assembly
- Finished resetting the current domain, in  0.376 seconds
Domain Reload Profiling: 896ms
	BeginReloadAssembly (142ms)
		ExecutionOrderSort (0ms)
		DisableScriptedObjects (0ms)
		BackupInstance (0ms)
		ReleaseScriptingObjects (0ms)
		CreateAndSetChildDomain (1ms)
	RebuildCommonClasses (55ms)
	RebuildNativeTypeToScriptingClass (15ms)
	initialDomainReloadingComplete (88ms)
	LoadAllAssembliesAndSetupDomain (220ms)
		LoadAssemblies (140ms)
		RebuildTransferFunctionScriptingTraits (0ms)
		AnalyzeDomain (218ms)
			TypeCache.Refresh (216ms)
				TypeCache.ScanAssembly (200ms)
			ScanForSourceGeneratedMonoScriptInfo (0ms)
			ResolveRequiredComponents (0ms)
	FinalizeReload (377ms)
		ReleaseScriptCaches (0ms)
		RebuildScriptCaches (0ms)
		SetupLoadedEditorAssemblies (301ms)
			LogAssemblyErrors (0ms)
			InitializePlatformSupportModulesInManaged (14ms)
			SetLoadedEditorAssemblies (11ms)
			RefreshPlugins (0ms)
			BeforeProcessingInitializeOnLoad (3ms)
			ProcessInitializeOnLoadAttributes (199ms)
			ProcessInitializeOnLoadMethodAttributes (74ms)
			AfterProcessingInitializeOnLoad (0ms)
			EditorAssembliesLoaded (0ms)
		ExecutionOrderSort2 (0ms)
		AwakeInstancesAfterBackupRestoration (0ms)
========================================================================
Worker process is ready to serve import requests
Begin MonoManager ReloadAssembly
- Loaded All Assemblies, in  0.797 seconds
Refreshing native plugins compatible for Editor in 4.81 ms, found 5 plugins.
Native extension for WindowsStandalone target not found
Package Manager log level set to [2]
[Package Manager] Server::EnsureServerProcessIsRunning -- launch failed, reason: Unity was launched with the -noUpm command-line argument
[Package Manager] UpmClient::Send -- Unable to send message (not connected to UPM process).
[Package Manager] Cannot connect to Unity Package Manager local server
Mono: successfully reloaded assembly
- Finished resetting the current domain, in  0.888 seconds
Domain Reload Profiling: 1682ms
	BeginReloadAssembly (197ms)
		ExecutionOrderSort (0ms)
		DisableScriptedObjects (7ms)
		BackupInstance (0ms)
		ReleaseScriptingObjects (0ms)
		CreateAndSetChildDomain (27ms)
	RebuildCommonClasses (47ms)
	RebuildNativeTypeToScriptingClass (22ms)
	initialDomainReloadingComplete (59ms)
	LoadAllAssembliesAndSetupDomain (469ms)
		LoadAssemblies (360ms)
		RebuildTransferFunctionScriptingTraits (0ms)
		AnalyzeDomain (219ms)
			TypeCache.Refresh (175ms)
				TypeCache.ScanAssembly (157ms)
			ScanForSourceGeneratedMonoScriptInfo (28ms)
			ResolveRequiredComponents (15ms)
	FinalizeReload (889ms)
		ReleaseScriptCaches (0ms)
		RebuildScriptCaches (0ms)
		SetupLoadedEditorAssemblies (693ms)
			LogAssemblyErrors (0ms)
			InitializePlatformSupportModulesInManaged (8ms)
			SetLoadedEditorAssemblies (6ms)
			RefreshPlugins (0ms)
			BeforeProcessingInitializeOnLoad (80ms)
			ProcessInitializeOnLoadAttributes (500ms)
			ProcessInitializeOnLoadMethodAttributes (90ms)
			AfterProcessingInitializeOnLoad (9ms)
			EditorAssembliesLoaded (0ms)
		ExecutionOrderSort2 (0ms)
		AwakeInstancesAfterBackupRestoration (8ms)
Launched and connected shader compiler UnityShaderCompiler.exe after 0.07 seconds
Refreshing native plugins compatible for Editor in 8.58 ms, found 5 plugins.
Preloading 0 native plugins for Editor in 0.00 ms.
Unloading 3474 Unused Serialized files (Serialized files now loaded: 0)
Unloading 62 unused Assets / (351.1 KB). Loaded Objects now: 3935.
Memory consumption went from 181.9 MB to 181.6 MB.
Total: 4.425600 ms (FindLiveObjects: 0.329600 ms CreateObjectMapping: 0.288700 ms MarkObjects: 3.584800 ms  DeleteObjects: 0.221400 ms)

AssetImportParameters requested are different than current active one (requested -> active):
  custom:container-demuxer-ogg: 62fdf1f143b41e24485cea50d1cbac27 -> 
  custom:video-decoder-ogg-theora: a1e56fd34408186e4bbccfd4996cb3dc -> 
  custom:framework-win-MediaFoundation: 216162199b28c13a410421893ffa2e32 -> 
  custom:CustomObjectIndexerAttribute: 72b91833f83ae208fae7752999fa3104 -> 
  custom:container-demuxer-webm: 4f35f7cbe854078d1ac9338744f61a02 -> 
  custom:scripting/monoscript/fileName/MeshDecal.cs: 6b294ee0cc2d40eb6e974d1c25a7ecf0 -> 
  custom:container-muxer-webm: aa71ff27fc2769a1b78a27578f13a17b -> 
  custom:video-decoder-webm-vp8: 9c59270c3fd7afecdb556c50c9e8de78 -> 
  custom:SearchIndexIgnoredProperties: e643bd26f0fe6173181afceb89e7c659 -> 
  custom:AudioImporter_EditorPlatform: d09bf68614088b80899f8185d706f6e7 -> 
  custom:scripting/monoscript/fileName/MeshDecalEditor.cs: e38f0b0e204f372975a570d0040874d9 -> 
  custom:video-encoder-webm-vp8: eb34c28f22e8b96e1ab97ce403110664 -> 
  custom:audio-decoder-ogg-vorbis: bf7c407c2cedff20999df2af8eb42d56 -> 
  custom:audio-encoder-webm-vorbis: bf7c407c2cedff20999df2af8eb42d56 -> 
========================================================================
Received Prepare
Begin MonoManager ReloadAssembly
- Loaded All Assemblies, in  0.698 seconds
Refreshing native plugins compatible for Editor in 7.76 ms, found 5 plugins.
Native extension for WindowsStandalone target not found
[Package Manager] Server::EnsureServerProcessIsRunning -- launch failed, reason: Unity was launched with the -noUpm command-line argument
[Package Manager] UpmClient::Send -- Unable to send message (not connected to UPM process).
[Package Manager] Cannot connect to Unity Package Manager local server
Mono: successfully reloaded assembly
- Finished resetting the current domain, in  1.511 seconds
Domain Reload Profiling: 2204ms
	BeginReloadAssembly (250ms)
		ExecutionOrderSort (0ms)
		DisableScriptedObjects (5ms)
		BackupInstance (0ms)
		ReleaseScriptingObjects (0ms)
		CreateAndSetChildDomain (43ms)
	RebuildCommonClasses (47ms)
	RebuildNativeTypeToScriptingClass (24ms)
	initialDomainReloadingComplete (49ms)
	LoadAllAssembliesAndSetupDomain (324ms)
		LoadAssemblies (424ms)
		RebuildTransferFunctionScriptingTraits (0ms)
		AnalyzeDomain (58ms)
			TypeCache.Refresh (14ms)
				TypeCache.ScanAssembly (2ms)
			ScanForSourceGeneratedMonoScriptInfo (29ms)
			ResolveRequiredComponents (14ms)
	FinalizeReload (1511ms)
		ReleaseScriptCaches (0ms)
		RebuildScriptCaches (0ms)
		SetupLoadedEditorAssemblies (719ms)
			LogAssemblyErrors (0ms)
			InitializePlatformSupportModulesInManaged (11ms)
			SetLoadedEditorAssemblies (6ms)
			RefreshPlugins (0ms)
			BeforeProcessingInitializeOnLoad (93ms)
			ProcessInitializeOnLoadAttributes (505ms)
			ProcessInitializeOnLoadMethodAttributes (95ms)
			AfterProcessingInitializeOnLoad (9ms)
			EditorAssembliesLoaded (0ms)
		ExecutionOrderSort2 (0ms)
		AwakeInstancesAfterBackupRestoration (22ms)
Refreshing native plugins compatible for Editor in 6.26 ms, found 5 plugins.
Preloading 0 native plugins for Editor in 0.00 ms.
Unloading 3295 Unused Serialized files (Serialized files now loaded: 0)
Unloading 40 unused Assets / (319.0 KB). Loaded Objects now: 3940.
Memory consumption went from 149.0 MB to 148.7 MB.
Total: 3.825400 ms (FindLiveObjects: 0.306500 ms CreateObjectMapping: 0.568500 ms MarkObjects: 2.837800 ms  DeleteObjects: 0.111300 ms)

Prepare: number of updated asset objects reloaded= 0
AssetImportParameters requested are different than current active one (requested -> active):
  custom:container-demuxer-ogg: 62fdf1f143b41e24485cea50d1cbac27 -> 
  custom:video-decoder-ogg-theora: a1e56fd34408186e4bbccfd4996cb3dc -> 
  custom:framework-win-MediaFoundation: 216162199b28c13a410421893ffa2e32 -> 
  custom:CustomObjectIndexerAttribute: 72b91833f83ae208fae7752999fa3104 -> 
  custom:container-demuxer-webm: 4f35f7cbe854078d1ac9338744f61a02 -> 
  custom:scripting/monoscript/fileName/MeshDecal.cs: 6b294ee0cc2d40eb6e974d1c25a7ecf0 -> 
  custom:container-muxer-webm: aa71ff27fc2769a1b78a27578f13a17b -> 
  custom:video-decoder-webm-vp8: 9c59270c3fd7afecdb556c50c9e8de78 -> 
  custom:SearchIndexIgnoredProperties: e643bd26f0fe6173181afceb89e7c659 -> 
  custom:AudioImporter_EditorPlatform: d09bf68614088b80899f8185d706f6e7 -> 
  custom:scripting/monoscript/fileName/MeshDecalEditor.cs: e38f0b0e204f372975a570d0040874d9 -> 
  custom:video-encoder-webm-vp8: eb34c28f22e8b96e1ab97ce403110664 -> 
  custom:audio-decoder-ogg-vorbis: bf7c407c2cedff20999df2af8eb42d56 -> 
  custom:audio-encoder-webm-vorbis: bf7c407c2cedff20999df2af8eb42d56 -> 
========================================================================
Received Prepare
Begin MonoManager ReloadAssembly
- Loaded All Assemblies, in  0.584 seconds
Refreshing native plugins compatible for Editor in 4.54 ms, found 5 plugins.
Native extension for WindowsStandalone target not found
[Package Manager] Server::EnsureServerProcessIsRunning -- launch failed, reason: Unity was launched with the -noUpm command-line argument
[Package Manager] UpmClient::Send -- Unable to send message (not connected to UPM process).
[Package Manager] Cannot connect to Unity Package Manager local server
Mono: successfully reloaded assembly
- Finished resetting the current domain, in  1.244 seconds
Domain Reload Profiling: 1823ms
	BeginReloadAssembly (191ms)
		ExecutionOrderSort (0ms)
		DisableScriptedObjects (7ms)
		BackupInstance (0ms)
		ReleaseScriptingObjects (0ms)
		CreateAndSetChildDomain (39ms)
	RebuildCommonClasses (57ms)
	RebuildNativeTypeToScriptingClass (21ms)
	initialDomainReloadingComplete (41ms)
	LoadAllAssembliesAndSetupDomain (268ms)
		LoadAssemblies (325ms)
		RebuildTransferFunctionScriptingTraits (0ms)
		AnalyzeDomain (46ms)
			TypeCache.Refresh (13ms)
				TypeCache.ScanAssembly (2ms)
			ScanForSourceGeneratedMonoScriptInfo (23ms)
			ResolveRequiredComponents (9ms)
	FinalizeReload (1245ms)
		ReleaseScriptCaches (0ms)
		RebuildScriptCaches (0ms)
		SetupLoadedEditorAssemblies (638ms)
			LogAssemblyErrors (0ms)
			InitializePlatformSupportModulesInManaged (8ms)
			SetLoadedEditorAssemblies (4ms)
			RefreshPlugins (0ms)
			BeforeProcessingInitializeOnLoad (89ms)
			ProcessInitializeOnLoadAttributes (449ms)
			ProcessInitializeOnLoadMethodAttributes (80ms)
			AfterProcessingInitializeOnLoad (8ms)
			EditorAssembliesLoaded (0ms)
		ExecutionOrderSort2 (0ms)
		AwakeInstancesAfterBackupRestoration (19ms)
Refreshing native plugins compatible for Editor in 6.94 ms, found 5 plugins.
Preloading 0 native plugins for Editor in 0.00 ms.
Unloading 3295 Unused Serialized files (Serialized files now loaded: 0)
Unloading 40 unused Assets / (319.1 KB). Loaded Objects now: 3944.
Memory consumption went from 149.0 MB to 148.7 MB.
Total: 4.194500 ms (FindLiveObjects: 0.572500 ms CreateObjectMapping: 0.494600 ms MarkObjects: 2.989300 ms  DeleteObjects: 0.136700 ms)

Prepare: number of updated asset objects reloaded= 0
AssetImportParameters requested are different than current active one (requested -> active):
  custom:container-demuxer-ogg: 62fdf1f143b41e24485cea50d1cbac27 -> 
  custom:video-decoder-ogg-theora: a1e56fd34408186e4bbccfd4996cb3dc -> 
  custom:framework-win-MediaFoundation: 216162199b28c13a410421893ffa2e32 -> 
  custom:CustomObjectIndexerAttribute: 72b91833f83ae208fae7752999fa3104 -> 
  custom:container-demuxer-webm: 4f35f7cbe854078d1ac9338744f61a02 -> 
  custom:scripting/monoscript/fileName/MeshDecal.cs: 6b294ee0cc2d40eb6e974d1c25a7ecf0 -> 
  custom:container-muxer-webm: aa71ff27fc2769a1b78a27578f13a17b -> 
  custom:video-decoder-webm-vp8: 9c59270c3fd7afecdb556c50c9e8de78 -> 
  custom:SearchIndexIgnoredProperties: e643bd26f0fe6173181afceb89e7c659 -> 
  custom:AudioImporter_EditorPlatform: d09bf68614088b80899f8185d706f6e7 -> 
  custom:scripting/monoscript/fileName/MeshDecalEditor.cs: e38f0b0e204f372975a570d0040874d9 -> 
  custom:video-encoder-webm-vp8: eb34c28f22e8b96e1ab97ce403110664 -> 
  custom:audio-decoder-ogg-vorbis: bf7c407c2cedff20999df2af8eb42d56 -> 
  custom:audio-encoder-webm-vorbis: bf7c407c2cedff20999df2af8eb42d56 -> 
========================================================================
Received Prepare
Begin MonoManager ReloadAssembly
- Loaded All Assemblies, in  0.501 seconds
Refreshing native plugins compatible for Editor in 7.21 ms, found 5 plugins.
Native extension for WindowsStandalone target not found
[Package Manager] Server::EnsureServerProcessIsRunning -- launch failed, reason: Unity was launched with the -noUpm command-line argument
[Package Manager] UpmClient::Send -- Unable to send message (not connected to UPM process).
[Package Manager] Cannot connect to Unity Package Manager local server
Mono: successfully reloaded assembly
- Finished resetting the current domain, in  1.255 seconds
Domain Reload Profiling: 1753ms
	BeginReloadAssembly (163ms)
		ExecutionOrderSort (0ms)
		DisableScriptedObjects (4ms)
		BackupInstance (0ms)
		ReleaseScriptingObjects (0ms)
		CreateAndSetChildDomain (39ms)
	RebuildCommonClasses (39ms)
	RebuildNativeTypeToScriptingClass (13ms)
	initialDomainReloadingComplete (32ms)
	LoadAllAssembliesAndSetupDomain (250ms)
		LoadAssemblies (292ms)
		RebuildTransferFunctionScriptingTraits (0ms)
		AnalyzeDomain (47ms)
			TypeCache.Refresh (8ms)
				TypeCache.ScanAssembly (1ms)
			ScanForSourceGeneratedMonoScriptInfo (23ms)
			ResolveRequiredComponents (13ms)
	FinalizeReload (1256ms)
		ReleaseScriptCaches (0ms)
		RebuildScriptCaches (0ms)
		SetupLoadedEditorAssemblies (609ms)
			LogAssemblyErrors (0ms)
			InitializePlatformSupportModulesInManaged (7ms)
			SetLoadedEditorAssemblies (6ms)
			RefreshPlugins (0ms)
			BeforeProcessingInitializeOnLoad (75ms)
			ProcessInitializeOnLoadAttributes (428ms)
			ProcessInitializeOnLoadMethodAttributes (81ms)
			AfterProcessingInitializeOnLoad (12ms)
			EditorAssembliesLoaded (0ms)
		ExecutionOrderSort2 (0ms)
		AwakeInstancesAfterBackupRestoration (23ms)
Script is not up to date after domain reload: guid(e04fbdd91272415e8c8a9b3d9c3b904d) path("Assets/_PROJECT/Scripts/SO/Potion.cs") state(2)
Script is not up to date after domain reload: guid(c715ebae8fa341ed97995e34e02d9804) path("Assets/_PROJECT/Scripts/SO/Ingredient.cs") state(2)
Refreshing native plugins compatible for Editor in 5.62 ms, found 5 plugins.
Preloading 0 native plugins for Editor in 0.00 ms.
Unloading 3293 Unused Serialized files (Serialized files now loaded: 0)
Unloading 40 unused Assets / (319.2 KB). Loaded Objects now: 3946.
Memory consumption went from 149.0 MB to 148.7 MB.
Total: 2.956100 ms (FindLiveObjects: 0.265800 ms CreateObjectMapping: 0.202100 ms MarkObjects: 2.375600 ms  DeleteObjects: 0.111400 ms)

Prepare: number of updated asset objects reloaded= 0
AssetImportParameters requested are different than current active one (requested -> active):
  custom:container-demuxer-ogg: 62fdf1f143b41e24485cea50d1cbac27 -> 
  custom:video-decoder-ogg-theora: a1e56fd34408186e4bbccfd4996cb3dc -> 
  custom:framework-win-MediaFoundation: 216162199b28c13a410421893ffa2e32 -> 
  custom:CustomObjectIndexerAttribute: 72b91833f83ae208fae7752999fa3104 -> 
  custom:container-demuxer-webm: 4f35f7cbe854078d1ac9338744f61a02 -> 
  custom:scripting/monoscript/fileName/MeshDecal.cs: 6b294ee0cc2d40eb6e974d1c25a7ecf0 -> 
  custom:container-muxer-webm: aa71ff27fc2769a1b78a27578f13a17b -> 
  custom:video-decoder-webm-vp8: 9c59270c3fd7afecdb556c50c9e8de78 -> 
  custom:SearchIndexIgnoredProperties: e643bd26f0fe6173181afceb89e7c659 -> 
  custom:AudioImporter_EditorPlatform: d09bf68614088b80899f8185d706f6e7 -> 
  custom:scripting/monoscript/fileName/MeshDecalEditor.cs: e38f0b0e204f372975a570d0040874d9 -> 
  custom:video-encoder-webm-vp8: eb34c28f22e8b96e1ab97ce403110664 -> 
  custom:audio-decoder-ogg-vorbis: bf7c407c2cedff20999df2af8eb42d56 -> 
  custom:audio-encoder-webm-vorbis: bf7c407c2cedff20999df2af8eb42d56 -> 
========================================================================
Received Prepare
Begin MonoManager ReloadAssembly
- Loaded All Assemblies, in  0.478 seconds
Refreshing native plugins compatible for Editor in 4.20 ms, found 5 plugins.
Native extension for WindowsStandalone target not found
[Package Manager] Server::EnsureServerProcessIsRunning -- launch failed, reason: Unity was launched with the -noUpm command-line argument
[Package Manager] UpmClient::Send -- Unable to send message (not connected to UPM process).
[Package Manager] Cannot connect to Unity Package Manager local server
Mono: successfully reloaded assembly
- Finished resetting the current domain, in  1.125 seconds
Domain Reload Profiling: 1601ms
	BeginReloadAssembly (166ms)
		ExecutionOrderSort (0ms)
		DisableScriptedObjects (4ms)
		BackupInstance (0ms)
		ReleaseScriptingObjects (0ms)
		CreateAndSetChildDomain (35ms)
	RebuildCommonClasses (37ms)
	RebuildNativeTypeToScriptingClass (20ms)
	initialDomainReloadingComplete (30ms)
	LoadAllAssembliesAndSetupDomain (222ms)
		LoadAssemblies (279ms)
		RebuildTransferFunctionScriptingTraits (0ms)
		AnalyzeDomain (40ms)
			TypeCache.Refresh (9ms)
				TypeCache.ScanAssembly (1ms)
			ScanForSourceGeneratedMonoScriptInfo (21ms)
			ResolveRequiredComponents (9ms)
	FinalizeReload (1126ms)
		ReleaseScriptCaches (0ms)
		RebuildScriptCaches (0ms)
		SetupLoadedEditorAssemblies (555ms)
			LogAssemblyErrors (0ms)
			InitializePlatformSupportModulesInManaged (9ms)
			SetLoadedEditorAssemblies (4ms)
			RefreshPlugins (0ms)
			BeforeProcessingInitializeOnLoad (87ms)
			ProcessInitializeOnLoadAttributes (373ms)
			ProcessInitializeOnLoadMethodAttributes (74ms)
			AfterProcessingInitializeOnLoad (8ms)
			EditorAssembliesLoaded (0ms)
		ExecutionOrderSort2 (0ms)
		AwakeInstancesAfterBackupRestoration (17ms)
Refreshing native plugins compatible for Editor in 4.31 ms, found 5 plugins.
Preloading 0 native plugins for Editor in 0.00 ms.
Unloading 3295 Unused Serialized files (Serialized files now loaded: 0)
Unloading 40 unused Assets / (319.1 KB). Loaded Objects now: 3952.
Memory consumption went from 149.0 MB to 148.7 MB.
Total: 3.229900 ms (FindLiveObjects: 0.244400 ms CreateObjectMapping: 0.199100 ms MarkObjects: 2.666300 ms  DeleteObjects: 0.119100 ms)

Prepare: number of updated asset objects reloaded= 0
AssetImportParameters requested are different than current active one (requested -> active):
  custom:container-demuxer-ogg: 62fdf1f143b41e24485cea50d1cbac27 -> 
  custom:video-decoder-ogg-theora: a1e56fd34408186e4bbccfd4996cb3dc -> 
  custom:framework-win-MediaFoundation: 216162199b28c13a410421893ffa2e32 -> 
  custom:CustomObjectIndexerAttribute: 72b91833f83ae208fae7752999fa3104 -> 
  custom:container-demuxer-webm: 4f35f7cbe854078d1ac9338744f61a02 -> 
  custom:scripting/monoscript/fileName/MeshDecal.cs: 6b294ee0cc2d40eb6e974d1c25a7ecf0 -> 
  custom:container-muxer-webm: aa71ff27fc2769a1b78a27578f13a17b -> 
  custom:video-decoder-webm-vp8: 9c59270c3fd7afecdb556c50c9e8de78 -> 
  custom:SearchIndexIgnoredProperties: e643bd26f0fe6173181afceb89e7c659 -> 
  custom:AudioImporter_EditorPlatform: d09bf68614088b80899f8185d706f6e7 -> 
  custom:scripting/monoscript/fileName/MeshDecalEditor.cs: e38f0b0e204f372975a570d0040874d9 -> 
  custom:video-encoder-webm-vp8: eb34c28f22e8b96e1ab97ce403110664 -> 
  custom:audio-decoder-ogg-vorbis: bf7c407c2cedff20999df2af8eb42d56 -> 
  custom:audio-encoder-webm-vorbis: bf7c407c2cedff20999df2af8eb42d56 -> 
========================================================================
Received Prepare
Begin MonoManager ReloadAssembly
- Loaded All Assemblies, in  0.543 seconds
Refreshing native plugins compatible for Editor in 5.08 ms, found 5 plugins.
Native extension for WindowsStandalone target not found
[Package Manager] Server::EnsureServerProcessIsRunning -- launch failed, reason: Unity was launched with the -noUpm command-line argument
[Package Manager] UpmClient::Send -- Unable to send message (not connected to UPM process).
[Package Manager] Cannot connect to Unity Package Manager local server
Mono: successfully reloaded assembly
- Finished resetting the current domain, in  1.258 seconds
Domain Reload Profiling: 1798ms
	BeginReloadAssembly (174ms)
		ExecutionOrderSort (0ms)
		DisableScriptedObjects (5ms)
		BackupInstance (0ms)
		ReleaseScriptingObjects (0ms)
		CreateAndSetChildDomain (33ms)
	RebuildCommonClasses (50ms)
	RebuildNativeTypeToScriptingClass (21ms)
	initialDomainReloadingComplete (38ms)
	LoadAllAssembliesAndSetupDomain (256ms)
		LoadAssemblies (311ms)
		RebuildTransferFunctionScriptingTraits (0ms)
		AnalyzeDomain (49ms)
			TypeCache.Refresh (9ms)
				TypeCache.ScanAssembly (1ms)
			ScanForSourceGeneratedMonoScriptInfo (27ms)
			ResolveRequiredComponents (12ms)
	FinalizeReload (1259ms)
		ReleaseScriptCaches (0ms)
		RebuildScriptCaches (0ms)
		SetupLoadedEditorAssemblies (637ms)
			LogAssemblyErrors (0ms)
			InitializePlatformSupportModulesInManaged (11ms)
			SetLoadedEditorAssemblies (7ms)
			RefreshPlugins (0ms)
			BeforeProcessingInitializeOnLoad (100ms)
			ProcessInitializeOnLoadAttributes (436ms)
			ProcessInitializeOnLoadMethodAttributes (74ms)
			AfterProcessingInitializeOnLoad (9ms)
			EditorAssembliesLoaded (0ms)
		ExecutionOrderSort2 (0ms)
		AwakeInstancesAfterBackupRestoration (21ms)
Refreshing native plugins compatible for Editor in 5.15 ms, found 5 plugins.
Preloading 0 native plugins for Editor in 0.00 ms.
Unloading 3295 Unused Serialized files (Serialized files now loaded: 0)
Unloading 40 unused Assets / (319.1 KB). Loaded Objects now: 3956.
Memory consumption went from 149.0 MB to 148.7 MB.
Total: 3.293600 ms (FindLiveObjects: 0.288100 ms CreateObjectMapping: 0.242200 ms MarkObjects: 2.661800 ms  DeleteObjects: 0.100600 ms)

Prepare: number of updated asset objects reloaded= 0
AssetImportParameters requested are different than current active one (requested -> active):
  custom:container-demuxer-ogg: 62fdf1f143b41e24485cea50d1cbac27 -> 
  custom:video-decoder-ogg-theora: a1e56fd34408186e4bbccfd4996cb3dc -> 
  custom:framework-win-MediaFoundation: 216162199b28c13a410421893ffa2e32 -> 
  custom:CustomObjectIndexerAttribute: 72b91833f83ae208fae7752999fa3104 -> 
  custom:container-demuxer-webm: 4f35f7cbe854078d1ac9338744f61a02 -> 
  custom:scripting/monoscript/fileName/MeshDecal.cs: 6b294ee0cc2d40eb6e974d1c25a7ecf0 -> 
  custom:container-muxer-webm: aa71ff27fc2769a1b78a27578f13a17b -> 
  custom:video-decoder-webm-vp8: 9c59270c3fd7afecdb556c50c9e8de78 -> 
  custom:SearchIndexIgnoredProperties: e643bd26f0fe6173181afceb89e7c659 -> 
  custom:AudioImporter_EditorPlatform: d09bf68614088b80899f8185d706f6e7 -> 
  custom:scripting/monoscript/fileName/MeshDecalEditor.cs: e38f0b0e204f372975a570d0040874d9 -> 
  custom:video-encoder-webm-vp8: eb34c28f22e8b96e1ab97ce403110664 -> 
  custom:audio-decoder-ogg-vorbis: bf7c407c2cedff20999df2af8eb42d56 -> 
  custom:audio-encoder-webm-vorbis: bf7c407c2cedff20999df2af8eb42d56 -> 
========================================================================
Received Import Request.
  Time since last request: 90525.707244 seconds.
  path: Assets/_PROJECT/Scripts/Data/Potions
  artifactKey: Guid(59fef91aada9eb24dbf527419ae88889) Importer(815301076,1909f56bfc062723c751e8b465ee728b)
Start importing Assets/_PROJECT/Scripts/Data/Potions using Guid(59fef91aada9eb24dbf527419ae88889) Importer(815301076,1909f56bfc062723c751e8b465ee728b)  -> (artifact id: 'd7a42bc52f17767ea0202cfd554ceb9a') in 0.026624 seconds
Number of updated asset objects reloaded before import = 0
Number of asset objects unloaded after import = 0
========================================================================
Received Import Request.
  Time since last request: 15.545316 seconds.
  path: Assets/_PROJECT/Scripts/Data/Ingredients
  artifactKey: Guid(fb96eb79140eeb742936328c8fc96c0c) Importer(815301076,1909f56bfc062723c751e8b465ee728b)
Start importing Assets/_PROJECT/Scripts/Data/Ingredients using Guid(fb96eb79140eeb742936328c8fc96c0c) Importer(815301076,1909f56bfc062723c751e8b465ee728b)  -> (artifact id: '866fca43ae84232d6a026e2217627d20') in 0.000567 seconds
Number of updated asset objects reloaded before import = 0
Number of asset objects unloaded after import = 0
========================================================================
Received Import Request.
  Time since last request: 8.365070 seconds.
  path: Assets/_PROJECT/Scripts/Data/Ingredients/Point.asset
  artifactKey: Guid(13d8cb4963bc2d844b1928bcbcf1268e) Importer(815301076,1909f56bfc062723c751e8b465ee728b)
Start importing Assets/_PROJECT/Scripts/Data/Ingredients/Point.asset using Guid(13d8cb4963bc2d844b1928bcbcf1268e) Importer(815301076,1909f56bfc062723c751e8b465ee728b)  -> (artifact id: 'c972f24b54e6c972aa976ee81519300a') in 0.009690 seconds
Number of updated asset objects reloaded before import = 0
Number of asset objects unloaded after import = 1
========================================================================
Received Import Request.
  Time since last request: 12.114672 seconds.
  path: Assets/_PROJECT/Scripts/Data/Ingredients/Ing_Point.asset
  artifactKey: Guid(13d8cb4963bc2d844b1928bcbcf1268e) Importer(815301076,1909f56bfc062723c751e8b465ee728b)
Start importing Assets/_PROJECT/Scripts/Data/Ingredients/Ing_Point.asset using Guid(13d8cb4963bc2d844b1928bcbcf1268e) Importer(815301076,1909f56bfc062723c751e8b465ee728b)  -> (artifact id: '803e5076902e83e8b2cdd67a75f70c1b') in 0.000915 seconds
Number of updated asset objects reloaded before import = 0
Number of asset objects unloaded after import = 1
========================================================================
Received Prepare
Begin MonoManager ReloadAssembly
- Loaded All Assemblies, in  0.595 seconds
Refreshing native plugins compatible for Editor in 4.27 ms, found 5 plugins.
Native extension for WindowsStandalone target not found
[Package Manager] Server::EnsureServerProcessIsRunning -- launch failed, reason: Unity was launched with the -noUpm command-line argument
[Package Manager] UpmClient::Send -- Unable to send message (not connected to UPM process).
[Package Manager] Cannot connect to Unity Package Manager local server
Mono: successfully reloaded assembly
- Finished resetting the current domain, in  1.308 seconds
Domain Reload Profiling: 1898ms
	BeginReloadAssembly (209ms)
		ExecutionOrderSort (0ms)
		DisableScriptedObjects (7ms)
		BackupInstance (0ms)
		ReleaseScriptingObjects (0ms)
		CreateAndSetChildDomain (44ms)
	RebuildCommonClasses (43ms)
	RebuildNativeTypeToScriptingClass (15ms)
	initialDomainReloadingComplete (42ms)
	LoadAllAssembliesAndSetupDomain (281ms)
		LoadAssemblies (337ms)
		RebuildTransferFunctionScriptingTraits (0ms)
		AnalyzeDomain (51ms)
			TypeCache.Refresh (9ms)
				TypeCache.ScanAssembly (1ms)
			ScanForSourceGeneratedMonoScriptInfo (28ms)
			ResolveRequiredComponents (13ms)
	FinalizeReload (1309ms)
		ReleaseScriptCaches (0ms)
		RebuildScriptCaches (0ms)
		SetupLoadedEditorAssemblies (696ms)
			LogAssemblyErrors (0ms)
			InitializePlatformSupportModulesInManaged (12ms)
			SetLoadedEditorAssemblies (6ms)
			RefreshPlugins (0ms)
			BeforeProcessingInitializeOnLoad (110ms)
			ProcessInitializeOnLoadAttributes (492ms)
			ProcessInitializeOnLoadMethodAttributes (69ms)
			AfterProcessingInitializeOnLoad (8ms)
			EditorAssembliesLoaded (0ms)
		ExecutionOrderSort2 (0ms)
		AwakeInstancesAfterBackupRestoration (18ms)
Refreshing native plugins compatible for Editor in 6.90 ms, found 5 plugins.
Preloading 0 native plugins for Editor in 0.00 ms.
Unloading 3295 Unused Serialized files (Serialized files now loaded: 0)
Unloading 40 unused Assets / (318.7 KB). Loaded Objects now: 3961.
Memory consumption went from 149.1 MB to 148.8 MB.
Total: 3.269900 ms (FindLiveObjects: 0.279400 ms CreateObjectMapping: 0.211700 ms MarkObjects: 2.662600 ms  DeleteObjects: 0.115400 ms)

Prepare: number of updated asset objects reloaded= 0
AssetImportParameters requested are different than current active one (requested -> active):
  custom:container-demuxer-ogg: 62fdf1f143b41e24485cea50d1cbac27 -> 
  custom:video-decoder-ogg-theora: a1e56fd34408186e4bbccfd4996cb3dc -> 
  custom:framework-win-MediaFoundation: 216162199b28c13a410421893ffa2e32 -> 
  custom:CustomObjectIndexerAttribute: 72b91833f83ae208fae7752999fa3104 -> 
  custom:container-demuxer-webm: 4f35f7cbe854078d1ac9338744f61a02 -> 
  custom:scripting/monoscript/fileName/MeshDecal.cs: 6b294ee0cc2d40eb6e974d1c25a7ecf0 -> 
  custom:container-muxer-webm: aa71ff27fc2769a1b78a27578f13a17b -> 
  custom:video-decoder-webm-vp8: 9c59270c3fd7afecdb556c50c9e8de78 -> 
  custom:SearchIndexIgnoredProperties: e643bd26f0fe6173181afceb89e7c659 -> 
  custom:AudioImporter_EditorPlatform: d09bf68614088b80899f8185d706f6e7 -> 
  custom:scripting/monoscript/fileName/MeshDecalEditor.cs: e38f0b0e204f372975a570d0040874d9 -> 
  custom:video-encoder-webm-vp8: eb34c28f22e8b96e1ab97ce403110664 -> 
  custom:audio-decoder-ogg-vorbis: bf7c407c2cedff20999df2af8eb42d56 -> 
  custom:audio-encoder-webm-vorbis: bf7c407c2cedff20999df2af8eb42d56 -> 
========================================================================
Received Prepare
Begin MonoManager ReloadAssembly
- Loaded All Assemblies, in  0.557 seconds
Refreshing native plugins compatible for Editor in 4.53 ms, found 5 plugins.
Native extension for WindowsStandalone target not found
[Package Manager] Server::EnsureServerProcessIsRunning -- launch failed, reason: Unity was launched with the -noUpm command-line argument
[Package Manager] UpmClient::Send -- Unable to send message (not connected to UPM process).
[Package Manager] Cannot connect to Unity Package Manager local server
Mono: successfully reloaded assembly
- Finished resetting the current domain, in  1.276 seconds
Domain Reload Profiling: 1830ms
	BeginReloadAssembly (203ms)
		ExecutionOrderSort (0ms)
		DisableScriptedObjects (5ms)
		BackupInstance (0ms)
		ReleaseScriptingObjects (0ms)
		CreateAndSetChildDomain (42ms)
	RebuildCommonClasses (42ms)
	RebuildNativeTypeToScriptingClass (14ms)
	initialDomainReloadingComplete (33ms)
	LoadAllAssembliesAndSetupDomain (261ms)
		LoadAssemblies (336ms)
		RebuildTransferFunctionScriptingTraits (0ms)
		AnalyzeDomain (44ms)
			TypeCache.Refresh (9ms)
				TypeCache.ScanAssembly (1ms)
			ScanForSourceGeneratedMonoScriptInfo (24ms)
			ResolveRequiredComponents (9ms)
	FinalizeReload (1277ms)
		ReleaseScriptCaches (0ms)
		RebuildScriptCaches (0ms)
		SetupLoadedEditorAssemblies (594ms)
			LogAssemblyErrors (0ms)
			InitializePlatformSupportModulesInManaged (10ms)
			SetLoadedEditorAssemblies (6ms)
			RefreshPlugins (0ms)
			BeforeProcessingInitializeOnLoad (93ms)
			ProcessInitializeOnLoadAttributes (410ms)
			ProcessInitializeOnLoadMethodAttributes (66ms)
			AfterProcessingInitializeOnLoad (9ms)
			EditorAssembliesLoaded (0ms)
		ExecutionOrderSort2 (0ms)
		AwakeInstancesAfterBackupRestoration (23ms)
Refreshing native plugins compatible for Editor in 5.25 ms, found 5 plugins.
Preloading 0 native plugins for Editor in 0.00 ms.
Unloading 3295 Unused Serialized files (Serialized files now loaded: 0)
Unloading 40 unused Assets / (319.2 KB). Loaded Objects now: 3965.
Memory consumption went from 149.1 MB to 148.7 MB.
Total: 4.092300 ms (FindLiveObjects: 0.292700 ms CreateObjectMapping: 0.267400 ms MarkObjects: 3.332100 ms  DeleteObjects: 0.199000 ms)

Prepare: number of updated asset objects reloaded= 0
AssetImportParameters requested are different than current active one (requested -> active):
  custom:container-demuxer-ogg: 62fdf1f143b41e24485cea50d1cbac27 -> 
  custom:video-decoder-ogg-theora: a1e56fd34408186e4bbccfd4996cb3dc -> 
  custom:framework-win-MediaFoundation: 216162199b28c13a410421893ffa2e32 -> 
  custom:CustomObjectIndexerAttribute: 72b91833f83ae208fae7752999fa3104 -> 
  custom:container-demuxer-webm: 4f35f7cbe854078d1ac9338744f61a02 -> 
  custom:scripting/monoscript/fileName/MeshDecal.cs: 6b294ee0cc2d40eb6e974d1c25a7ecf0 -> 
  custom:container-muxer-webm: aa71ff27fc2769a1b78a27578f13a17b -> 
  custom:video-decoder-webm-vp8: 9c59270c3fd7afecdb556c50c9e8de78 -> 
  custom:SearchIndexIgnoredProperties: e643bd26f0fe6173181afceb89e7c659 -> 
  custom:AudioImporter_EditorPlatform: d09bf68614088b80899f8185d706f6e7 -> 
  custom:scripting/monoscript/fileName/MeshDecalEditor.cs: e38f0b0e204f372975a570d0040874d9 -> 
  custom:video-encoder-webm-vp8: eb34c28f22e8b96e1ab97ce403110664 -> 
  custom:audio-decoder-ogg-vorbis: bf7c407c2cedff20999df2af8eb42d56 -> 
  custom:audio-encoder-webm-vorbis: bf7c407c2cedff20999df2af8eb42d56 -> 
========================================================================
Received Import Request.
  Time since last request: 79.271004 seconds.
  path: Assets/_PROJECT/3RD PARTY/Violet Theme Ui/Buttons/Misc/80x80 Background.png
  artifactKey: Guid(a64f98d7a00501442ae40845562f1c20) Importer(815301076,1909f56bfc062723c751e8b465ee728b)
Start importing Assets/_PROJECT/3RD PARTY/Violet Theme Ui/Buttons/Misc/80x80 Background.png using Guid(a64f98d7a00501442ae40845562f1c20) Importer(815301076,1909f56bfc062723c751e8b465ee728b)  -> (artifact id: '91d72e21ec6e2feb4ed3ec845438836b') in 0.163729 seconds
Number of updated asset objects reloaded before import = 0
Number of asset objects unloaded after import = 3
========================================================================
Received Import Request.
  Time since last request: 0.000030 seconds.
  path: Assets/_PROJECT/3RD PARTY/Violet Theme Ui/Colored Icons/Check.png
  artifactKey: Guid(27834320931067c4b9127246cba948d2) Importer(815301076,1909f56bfc062723c751e8b465ee728b)
Start importing Assets/_PROJECT/3RD PARTY/Violet Theme Ui/Colored Icons/Check.png using Guid(27834320931067c4b9127246cba948d2) Importer(815301076,1909f56bfc062723c751e8b465ee728b)  -> (artifact id: '66cbb036cefa236539f8f48853787b5f') in 0.034121 seconds
Number of updated asset objects reloaded before import = 0
Number of asset objects unloaded after import = 3
========================================================================
Received Import Request.
  Time since last request: 0.000032 seconds.
  path: Assets/_PROJECT/3RD PARTY/Violet Theme Ui/Colored Icons/Close.png
  artifactKey: Guid(cbf58c37249d82a4e97598dfc07d9058) Importer(815301076,1909f56bfc062723c751e8b465ee728b)
Start importing Assets/_PROJECT/3RD PARTY/Violet Theme Ui/Colored Icons/Close.png using Guid(cbf58c37249d82a4e97598dfc07d9058) Importer(815301076,1909f56bfc062723c751e8b465ee728b)  -> (artifact id: '42292392a1cce7aecb136cc83d75c0f6') in 0.028963 seconds
Number of updated asset objects reloaded before import = 0
Number of asset objects unloaded after import = 3
========================================================================
Received Import Request.
  Time since last request: 0.000020 seconds.
  path: Assets/_PROJECT/3RD PARTY/Violet Theme Ui/Colored Icons/apple red.png
  artifactKey: Guid(dc095ce8d2086f541bd26c7e3a71ef12) Importer(815301076,1909f56bfc062723c751e8b465ee728b)
Start importing Assets/_PROJECT/3RD PARTY/Violet Theme Ui/Colored Icons/apple red.png using Guid(dc095ce8d2086f541bd26c7e3a71ef12) Importer(815301076,1909f56bfc062723c751e8b465ee728b)  -> (artifact id: '22dcefcaffa4d886ca08c8dbf1ca5195') in 0.025445 seconds
Number of updated asset objects reloaded before import = 0
Number of asset objects unloaded after import = 3
========================================================================
Received Import Request.
  Time since last request: 0.000030 seconds.
  path: Assets/_PROJECT/3RD PARTY/Cute-GUI-Pack-Lite/PNG/18_roulette/01/close.png
  artifactKey: Guid(1013008592ce6a74582948d1b9be6e92) Importer(815301076,1909f56bfc062723c751e8b465ee728b)
Start importing Assets/_PROJECT/3RD PARTY/Cute-GUI-Pack-Lite/PNG/18_roulette/01/close.png using Guid(1013008592ce6a74582948d1b9be6e92) Importer(815301076,1909f56bfc062723c751e8b465ee728b)  -> (artifact id: '202b096ba2223633d77bc841eccb2114') in 0.039841 seconds
Number of updated asset objects reloaded before import = 0
Number of asset objects unloaded after import = 3
========================================================================
Received Import Request.
  Time since last request: 0.000020 seconds.
  path: Assets/_PROJECT/3RD PARTY/Violet Theme Ui/Colored Icons/camera.png
  artifactKey: Guid(83392a0c45d009b4ca9b8bc8ec04cc55) Importer(815301076,1909f56bfc062723c751e8b465ee728b)
Start importing Assets/_PROJECT/3RD PARTY/Violet Theme Ui/Colored Icons/camera.png using Guid(83392a0c45d009b4ca9b8bc8ec04cc55) Importer(815301076,1909f56bfc062723c751e8b465ee728b)  -> (artifact id: 'f470003c2359a3e4a9c7f77d058ac628') in 0.033535 seconds
Number of updated asset objects reloaded before import = 0
Number of asset objects unloaded after import = 3
========================================================================
Received Import Request.
  Time since last request: 0.000022 seconds.
  path: Assets/_PROJECT/3RD PARTY/Cute-GUI-Pack-Lite/PNG/04_07_minigame_balloon/bg.png
  artifactKey: Guid(c6a390f7bdc013b4e98ae925d56bc580) Importer(815301076,1909f56bfc062723c751e8b465ee728b)
Start importing Assets/_PROJECT/3RD PARTY/Cute-GUI-Pack-Lite/PNG/04_07_minigame_balloon/bg.png using Guid(c6a390f7bdc013b4e98ae925d56bc580) Importer(815301076,1909f56bfc062723c751e8b465ee728b)  -> (artifact id: '0a8855f57d2e7ddfe20a33ed0c9364e7') in 0.025697 seconds
Number of updated asset objects reloaded before import = 0
Number of asset objects unloaded after import = 3
========================================================================
Received Import Request.
  Time since last request: 0.000022 seconds.
  path: Assets/_PROJECT/3RD PARTY/Violet Theme Ui/GemsAndCoins/Coin Stack.png
  artifactKey: Guid(b6bf64f3818ea7048adcf794dea42649) Importer(815301076,1909f56bfc062723c751e8b465ee728b)
Start importing Assets/_PROJECT/3RD PARTY/Violet Theme Ui/GemsAndCoins/Coin Stack.png using Guid(b6bf64f3818ea7048adcf794dea42649) Importer(815301076,1909f56bfc062723c751e8b465ee728b)  -> (artifact id: 'a90f21a6304ecb66ba0794070b83d4dd') in 0.026373 seconds
Number of updated asset objects reloaded before import = 0
Number of asset objects unloaded after import = 3
========================================================================
Received Import Request.
  Time since last request: 0.000034 seconds.
  path: Assets/_PROJECT/3RD PARTY/Violet Theme Ui/Colored Icons/Clock.png
  artifactKey: Guid(4879c28807ad63542b6f1c0842b574b2) Importer(815301076,1909f56bfc062723c751e8b465ee728b)
Start importing Assets/_PROJECT/3RD PARTY/Violet Theme Ui/Colored Icons/Clock.png using Guid(4879c28807ad63542b6f1c0842b574b2) Importer(815301076,1909f56bfc062723c751e8b465ee728b)  -> (artifact id: '47e931b6545fb4d24da99f73aed11751') in 0.030742 seconds
Number of updated asset objects reloaded before import = 0
Number of asset objects unloaded after import = 3
========================================================================
Received Import Request.
  Time since last request: 0.000023 seconds.
  path: Assets/_PROJECT/3RD PARTY/Violet Theme Ui/Colored Icons/Badge.png
  artifactKey: Guid(55b1b7c646982a049b43cadc6fe191fa) Importer(815301076,1909f56bfc062723c751e8b465ee728b)
Start importing Assets/_PROJECT/3RD PARTY/Violet Theme Ui/Colored Icons/Badge.png using Guid(55b1b7c646982a049b43cadc6fe191fa) Importer(815301076,1909f56bfc062723c751e8b465ee728b)  -> (artifact id: '8b4d703432237c9e91e83559ae51a0c9') in 0.031011 seconds
Number of updated asset objects reloaded before import = 0
Number of asset objects unloaded after import = 3
========================================================================
Received Import Request.
  Time since last request: 0.000057 seconds.
  path: Assets/_PROJECT/3RD PARTY/Cute-GUI-Pack-Lite/PNG/18_roulette/01/bg_01.png
  artifactKey: Guid(f71fc48f9417e214b9b12b50ed0bbf0f) Importer(815301076,1909f56bfc062723c751e8b465ee728b)
Start importing Assets/_PROJECT/3RD PARTY/Cute-GUI-Pack-Lite/PNG/18_roulette/01/bg_01.png using Guid(f71fc48f9417e214b9b12b50ed0bbf0f) Importer(815301076,1909f56bfc062723c751e8b465ee728b)  -> (artifact id: '02ac48c0397b842959a8d9743e981d47') in 0.031860 seconds
Number of updated asset objects reloaded before import = 0
Number of asset objects unloaded after import = 3
========================================================================
Received Import Request.
  Time since last request: 0.000107 seconds.
  path: Assets/_PROJECT/3RD PARTY/Violet Theme Ui/Colored Icons/Bomb.png
  artifactKey: Guid(15bfc70256f3dbe4abc84ce6ffacf11c) Importer(815301076,1909f56bfc062723c751e8b465ee728b)
Start importing Assets/_PROJECT/3RD PARTY/Violet Theme Ui/Colored Icons/Bomb.png using Guid(15bfc70256f3dbe4abc84ce6ffacf11c) Importer(815301076,1909f56bfc062723c751e8b465ee728b)  -> (artifact id: '5da7d80d1ee84aad2c5f376e2f00ca5e') in 0.021883 seconds
Number of updated asset objects reloaded before import = 0
Number of asset objects unloaded after import = 3
========================================================================
Received Import Request.
  Time since last request: 0.000020 seconds.
  path: Assets/_PROJECT/3RD PARTY/Violet Theme Ui/Colored Icons/Cash.png
  artifactKey: Guid(a5e15db1384d7b54a9485ae4b9c22cef) Importer(815301076,1909f56bfc062723c751e8b465ee728b)
Start importing Assets/_PROJECT/3RD PARTY/Violet Theme Ui/Colored Icons/Cash.png using Guid(a5e15db1384d7b54a9485ae4b9c22cef) Importer(815301076,1909f56bfc062723c751e8b465ee728b)  -> (artifact id: 'cf9a169cf736f30ec6cec5ae98825d4f') in 0.024643 seconds
Number of updated asset objects reloaded before import = 0
Number of asset objects unloaded after import = 3
========================================================================
Received Import Request.
  Time since last request: 0.000038 seconds.
  path: Assets/_PROJECT/3RD PARTY/Violet Theme Ui/Colored Icons/axe.png
  artifactKey: Guid(7abd59d488ec3484089d5f418816dbdb) Importer(815301076,1909f56bfc062723c751e8b465ee728b)
Start importing Assets/_PROJECT/3RD PARTY/Violet Theme Ui/Colored Icons/axe.png using Guid(7abd59d488ec3484089d5f418816dbdb) Importer(815301076,1909f56bfc062723c751e8b465ee728b)  -> (artifact id: 'fc1e7009a71029ce6760b9ba50534b5d') in 0.025691 seconds
Number of updated asset objects reloaded before import = 0
Number of asset objects unloaded after import = 3
========================================================================
Received Import Request.
  Time since last request: 1.540053 seconds.
  path: Assets/_PROJECT/3RD PARTY/Violet Theme Ui/Colored Icons/Crown 2.png
  artifactKey: Guid(6732a03145e8bd0408862257da102895) Importer(815301076,1909f56bfc062723c751e8b465ee728b)
Start importing Assets/_PROJECT/3RD PARTY/Violet Theme Ui/Colored Icons/Crown 2.png using Guid(6732a03145e8bd0408862257da102895) Importer(815301076,1909f56bfc062723c751e8b465ee728b)  -> (artifact id: '9bae81897e0dab7f15078473c3e01187') in 0.026413 seconds
Number of updated asset objects reloaded before import = 0
Number of asset objects unloaded after import = 3
========================================================================
Received Import Request.
  Time since last request: 0.000022 seconds.
  path: Assets/_PROJECT/3RD PARTY/Violet Theme Ui/Panels/Dark Panel Pink.png
  artifactKey: Guid(f580749602672a34fac8ab0643c2a0db) Importer(815301076,1909f56bfc062723c751e8b465ee728b)
Start importing Assets/_PROJECT/3RD PARTY/Violet Theme Ui/Panels/Dark Panel Pink.png using Guid(f580749602672a34fac8ab0643c2a0db) Importer(815301076,1909f56bfc062723c751e8b465ee728b)  -> (artifact id: '2fe56254f37cc700290c1c33bfd5286f') in 0.035903 seconds
Number of updated asset objects reloaded before import = 0
Number of asset objects unloaded after import = 3
========================================================================
Received Import Request.
  Time since last request: 0.000021 seconds.
  path: Assets/_PROJECT/3RD PARTY/Violet Theme Ui/Panels/Dark Panel Violet.png
  artifactKey: Guid(6b1e6c0890cad0b47ada90b6965c9cd8) Importer(815301076,1909f56bfc062723c751e8b465ee728b)
Start importing Assets/_PROJECT/3RD PARTY/Violet Theme Ui/Panels/Dark Panel Violet.png using Guid(6b1e6c0890cad0b47ada90b6965c9cd8) Importer(815301076,1909f56bfc062723c751e8b465ee728b)  -> (artifact id: 'd950c30d6f79279c36014e4e63912c2f') in 0.027403 seconds
Number of updated asset objects reloaded before import = 0
Number of asset objects unloaded after import = 3
========================================================================
Received Import Request.
  Time since last request: 0.000021 seconds.
  path: Assets/_PROJECT/3RD PARTY/Violet Theme Ui/Panels/Dark Panel Yellow.png
  artifactKey: Guid(5f9fbceed0b35d2428c55a800ea8b1c1) Importer(815301076,1909f56bfc062723c751e8b465ee728b)
Start importing Assets/_PROJECT/3RD PARTY/Violet Theme Ui/Panels/Dark Panel Yellow.png using Guid(5f9fbceed0b35d2428c55a800ea8b1c1) Importer(815301076,1909f56bfc062723c751e8b465ee728b)  -> (artifact id: '0d6e2bede0339e6a6b3cfe7268cf142e') in 0.026770 seconds
Number of updated asset objects reloaded before import = 0
Number of asset objects unloaded after import = 3
========================================================================
Received Import Request.
  Time since last request: 0.000023 seconds.
  path: Assets/_PROJECT/3RD PARTY/Violet Theme Ui/Panels/Dark Panels Style 2 Blue.png
  artifactKey: Guid(c0e73a4e12747dd46b7ca90d2284fb29) Importer(815301076,1909f56bfc062723c751e8b465ee728b)
Start importing Assets/_PROJECT/3RD PARTY/Violet Theme Ui/Panels/Dark Panels Style 2 Blue.png using Guid(c0e73a4e12747dd46b7ca90d2284fb29) Importer(815301076,1909f56bfc062723c751e8b465ee728b)  -> (artifact id: '6502a37a1efdbb970b7f6b983524c674') in 0.029319 seconds
Number of updated asset objects reloaded before import = 0
Number of asset objects unloaded after import = 3
========================================================================
Received Import Request.
  Time since last request: 0.000027 seconds.
  path: Assets/_PROJECT/3RD PARTY/Violet Theme Ui/Colored Icons/Dark Gem.png
  artifactKey: Guid(1dbf5dede7c691641bc771e42b2de99b) Importer(815301076,1909f56bfc062723c751e8b465ee728b)
Start importing Assets/_PROJECT/3RD PARTY/Violet Theme Ui/Colored Icons/Dark Gem.png using Guid(1dbf5dede7c691641bc771e42b2de99b) Importer(815301076,1909f56bfc062723c751e8b465ee728b)  -> (artifact id: 'ba66d920c09f4e09e98b6b1745b366ae') in 0.025372 seconds
Number of updated asset objects reloaded before import = 0
Number of asset objects unloaded after import = 3
========================================================================
Received Import Request.
  Time since last request: 0.000020 seconds.
  path: Assets/_PROJECT/3RD PARTY/Violet Theme Ui/Panels/Dark Panel Purple.png
  artifactKey: Guid(f013fbdef39944b438a519b1307f1ba6) Importer(815301076,1909f56bfc062723c751e8b465ee728b)
Start importing Assets/_PROJECT/3RD PARTY/Violet Theme Ui/Panels/Dark Panel Purple.png using Guid(f013fbdef39944b438a519b1307f1ba6) Importer(815301076,1909f56bfc062723c751e8b465ee728b)  -> (artifact id: '00393f173cc12b15b1e360a87cdb7938') in 0.024347 seconds
Number of updated asset objects reloaded before import = 0
Number of asset objects unloaded after import = 3
========================================================================
Received Import Request.
  Time since last request: 0.053343 seconds.
  path: Assets/_PROJECT/3RD PARTY/Violet Theme Ui/Panels/Dark Panels Style 2 Pink.png
  artifactKey: Guid(816373d26daf2fe40b59acd3712be032) Importer(815301076,1909f56bfc062723c751e8b465ee728b)
Start importing Assets/_PROJECT/3RD PARTY/Violet Theme Ui/Panels/Dark Panels Style 2 Pink.png using Guid(816373d26daf2fe40b59acd3712be032) Importer(815301076,1909f56bfc062723c751e8b465ee728b)  -> (artifact id: '1061ac2e9924a47fee98f18f411790fd') in 0.024640 seconds
Number of updated asset objects reloaded before import = 0
Number of asset objects unloaded after import = 3
========================================================================
Received Import Request.
  Time since last request: 0.000024 seconds.
  path: Assets/_PROJECT/3RD PARTY/Violet Theme Ui/Panels/Dark Panels Style 2 Violet.png
  artifactKey: Guid(2423bc8beede9344d98c41e18af1a299) Importer(815301076,1909f56bfc062723c751e8b465ee728b)
Start importing Assets/_PROJECT/3RD PARTY/Violet Theme Ui/Panels/Dark Panels Style 2 Violet.png using Guid(2423bc8beede9344d98c41e18af1a299) Importer(815301076,1909f56bfc062723c751e8b465ee728b)  -> (artifact id: '35915729aad68ec669518a29835230d6') in 0.027312 seconds
Number of updated asset objects reloaded before import = 0
Number of asset objects unloaded after import = 3
========================================================================
Received Import Request.
  Time since last request: 0.000024 seconds.
  path: Assets/_PROJECT/3RD PARTY/Cute-GUI-Pack-Lite/PNG/18_roulette/01/effect_iconeff_006_3.png
  artifactKey: Guid(3879b40f1cbadfb4e990f694e1c54385) Importer(815301076,1909f56bfc062723c751e8b465ee728b)
Start importing Assets/_PROJECT/3RD PARTY/Cute-GUI-Pack-Lite/PNG/18_roulette/01/effect_iconeff_006_3.png using Guid(3879b40f1cbadfb4e990f694e1c54385) Importer(815301076,1909f56bfc062723c751e8b465ee728b)  -> (artifact id: 'aa496763860262f9dde5657f5115e29b') in 0.026377 seconds
Number of updated asset objects reloaded before import = 0
Number of asset objects unloaded after import = 3
========================================================================
Received Import Request.
  Time since last request: 0.000035 seconds.
  path: Assets/_PROJECT/3RD PARTY/Violet Theme Ui/Colored Icons/Energy.png
  artifactKey: Guid(0e97f32679693fb42816be9a80e0254b) Importer(815301076,1909f56bfc062723c751e8b465ee728b)
Start importing Assets/_PROJECT/3RD PARTY/Violet Theme Ui/Colored Icons/Energy.png using Guid(0e97f32679693fb42816be9a80e0254b) Importer(815301076,1909f56bfc062723c751e8b465ee728b)  -> (artifact id: 'e7c969ca688e9c2303a1b5e3f13d16cb') in 0.025444 seconds
Number of updated asset objects reloaded before import = 0
Number of asset objects unloaded after import = 3
========================================================================
Received Import Request.
  Time since last request: 0.000021 seconds.
  path: Assets/_PROJECT/3RD PARTY/Violet Theme Ui/Sliders/Fill Orange.png
  artifactKey: Guid(e48c6d8deee79854582bcfa4c7f93d4b) Importer(815301076,1909f56bfc062723c751e8b465ee728b)
Start importing Assets/_PROJECT/3RD PARTY/Violet Theme Ui/Sliders/Fill Orange.png using Guid(e48c6d8deee79854582bcfa4c7f93d4b) Importer(815301076,1909f56bfc062723c751e8b465ee728b)  -> (artifact id: '702500d87e05bc7748b4fd2a72840f81') in 0.022517 seconds
Number of updated asset objects reloaded before import = 0
Number of asset objects unloaded after import = 3
========================================================================
Received Import Request.
  Time since last request: 0.000023 seconds.
  path: Assets/_PROJECT/3RD PARTY/Violet Theme Ui/Sliders/Fill Red.png
  artifactKey: Guid(89aff9e18247bb647979c8e71d9dc5c7) Importer(815301076,1909f56bfc062723c751e8b465ee728b)
Start importing Assets/_PROJECT/3RD PARTY/Violet Theme Ui/Sliders/Fill Red.png using Guid(89aff9e18247bb647979c8e71d9dc5c7) Importer(815301076,1909f56bfc062723c751e8b465ee728b)  -> (artifact id: 'fffad197684c8a411996cae5bfdfb2ab') in 0.020668 seconds
Number of updated asset objects reloaded before import = 0
Number of asset objects unloaded after import = 3
========================================================================
Received Import Request.
  Time since last request: 0.000020 seconds.
  path: Assets/_PROJECT/3RD PARTY/Violet Theme Ui/Panels/Dark Panels Style 2 Yellow.png
  artifactKey: Guid(d05bc581a65fcb14094c810312ac3c3c) Importer(815301076,1909f56bfc062723c751e8b465ee728b)
Start importing Assets/_PROJECT/3RD PARTY/Violet Theme Ui/Panels/Dark Panels Style 2 Yellow.png using Guid(d05bc581a65fcb14094c810312ac3c3c) Importer(815301076,1909f56bfc062723c751e8b465ee728b)  -> (artifact id: '27635afa92913e05f19250fc7ff87856') in 0.025714 seconds
Number of updated asset objects reloaded before import = 0
Number of asset objects unloaded after import = 3
========================================================================
Received Import Request.
  Time since last request: 0.000022 seconds.
  path: Assets/_PROJECT/3RD PARTY/Violet Theme Ui/Sliders/Fill Pink.png
  artifactKey: Guid(e13090386b0ba8948876eaafcac9a9af) Importer(815301076,1909f56bfc062723c751e8b465ee728b)
Start importing Assets/_PROJECT/3RD PARTY/Violet Theme Ui/Sliders/Fill Pink.png using Guid(e13090386b0ba8948876eaafcac9a9af) Importer(815301076,1909f56bfc062723c751e8b465ee728b)  -> (artifact id: '4bf5c86dac99502accc915c4b9738899') in 0.020695 seconds
Number of updated asset objects reloaded before import = 0
Number of asset objects unloaded after import = 3
========================================================================
Received Import Request.
  Time since last request: 0.000023 seconds.
  path: Assets/_PROJECT/3RD PARTY/Violet Theme Ui/Sliders/Fill Yellow.png
  artifactKey: Guid(0f4f39901b919954789333870bac9863) Importer(815301076,1909f56bfc062723c751e8b465ee728b)
Start importing Assets/_PROJECT/3RD PARTY/Violet Theme Ui/Sliders/Fill Yellow.png using Guid(0f4f39901b919954789333870bac9863) Importer(815301076,1909f56bfc062723c751e8b465ee728b)  -> (artifact id: '424d6c00f0f23c8caba43e8174d50cb7') in 0.020795 seconds
Number of updated asset objects reloaded before import = 0
Number of asset objects unloaded after import = 3
========================================================================
Received Import Request.
  Time since last request: 0.000021 seconds.
  path: Assets/_PROJECT/3RD PARTY/Cute-GUI-Pack-Lite/PNG/18_roulette/01/Gacha_top_glass_bg.png
  artifactKey: Guid(20c6783eca4255949838dbe9c9a8f193) Importer(815301076,1909f56bfc062723c751e8b465ee728b)
Start importing Assets/_PROJECT/3RD PARTY/Cute-GUI-Pack-Lite/PNG/18_roulette/01/Gacha_top_glass_bg.png using Guid(20c6783eca4255949838dbe9c9a8f193) Importer(815301076,1909f56bfc062723c751e8b465ee728b)  -> (artifact id: '93c506c7ac5e920e2448057ee6ea0239') in 0.022861 seconds
Number of updated asset objects reloaded before import = 0
Number of asset objects unloaded after import = 3
========================================================================
Received Import Request.
  Time since last request: 0.000027 seconds.
  path: Assets/_PROJECT/3RD PARTY/Violet Theme Ui/Colored Icons/Gem 1 Green.png
  artifactKey: Guid(aa690ae72e998f54b8c8b099d2165bab) Importer(815301076,1909f56bfc062723c751e8b465ee728b)
Start importing Assets/_PROJECT/3RD PARTY/Violet Theme Ui/Colored Icons/Gem 1 Green.png using Guid(aa690ae72e998f54b8c8b099d2165bab) Importer(815301076,1909f56bfc062723c751e8b465ee728b)  -> (artifact id: 'bb20aceb27b603f28e033bbb402408af') in 0.021305 seconds
Number of updated asset objects reloaded before import = 0
Number of asset objects unloaded after import = 3
========================================================================
Received Import Request.
  Time since last request: 0.000025 seconds.
  path: Assets/_PROJECT/3RD PARTY/Cute-GUI-Pack-Lite/PNG/18_roulette/01/gacha_button_bg.png
  artifactKey: Guid(bf5c2e5f3219089469172a59b4bf8e42) Importer(815301076,1909f56bfc062723c751e8b465ee728b)
Start importing Assets/_PROJECT/3RD PARTY/Cute-GUI-Pack-Lite/PNG/18_roulette/01/gacha_button_bg.png using Guid(bf5c2e5f3219089469172a59b4bf8e42) Importer(815301076,1909f56bfc062723c751e8b465ee728b)  -> (artifact id: 'ed73c652162315ae022dded9f6148b62') in 0.023818 seconds
Number of updated asset objects reloaded before import = 0
Number of asset objects unloaded after import = 3
========================================================================
Received Import Request.
  Time since last request: 0.000030 seconds.
  path: Assets/_PROJECT/3RD PARTY/Violet Theme Ui/Colored Icons/Gem 1 Blue.png
  artifactKey: Guid(b0f85d5a744f799449233745652b567a) Importer(815301076,1909f56bfc062723c751e8b465ee728b)
Start importing Assets/_PROJECT/3RD PARTY/Violet Theme Ui/Colored Icons/Gem 1 Blue.png using Guid(b0f85d5a744f799449233745652b567a) Importer(815301076,1909f56bfc062723c751e8b465ee728b)  -> (artifact id: '0ea67999bc7ae69fc58df4b252847114') in 0.027139 seconds
Number of updated asset objects reloaded before import = 0
Number of asset objects unloaded after import = 3
========================================================================
Received Import Request.
  Time since last request: 0.000022 seconds.
  path: Assets/_PROJECT/3RD PARTY/Violet Theme Ui/GemsAndCoins/Gem Sack.png
  artifactKey: Guid(66635ef6a77b29b4b95afd31dd58971c) Importer(815301076,1909f56bfc062723c751e8b465ee728b)
Start importing Assets/_PROJECT/3RD PARTY/Violet Theme Ui/GemsAndCoins/Gem Sack.png using Guid(66635ef6a77b29b4b95afd31dd58971c) Importer(815301076,1909f56bfc062723c751e8b465ee728b)  -> (artifact id: 'd0b22ca17470494589eaeb95700bf1db') in 0.029893 seconds
Number of updated asset objects reloaded before import = 0
Number of asset objects unloaded after import = 3
========================================================================
Received Import Request.
  Time since last request: 0.000022 seconds.
  path: Assets/_PROJECT/3RD PARTY/Violet Theme Ui/GemsAndCoins/Gem Chest.png
  artifactKey: Guid(f345d2a549da5f2468383961e4435f7a) Importer(815301076,1909f56bfc062723c751e8b465ee728b)
Start importing Assets/_PROJECT/3RD PARTY/Violet Theme Ui/GemsAndCoins/Gem Chest.png using Guid(f345d2a549da5f2468383961e4435f7a) Importer(815301076,1909f56bfc062723c751e8b465ee728b)  -> (artifact id: '5ac7e1410e5dc9aac4913c2fe15428c3') in 0.032857 seconds
Number of updated asset objects reloaded before import = 0
Number of asset objects unloaded after import = 3
========================================================================
Received Import Request.
  Time since last request: 0.000028 seconds.
  path: Assets/_PROJECT/3RD PARTY/Violet Theme Ui/Colored Icons/Gem.png
  artifactKey: Guid(fdd7c39b6deb3f840b5fc0e9cbc6cb00) Importer(815301076,1909f56bfc062723c751e8b465ee728b)
Start importing Assets/_PROJECT/3RD PARTY/Violet Theme Ui/Colored Icons/Gem.png using Guid(fdd7c39b6deb3f840b5fc0e9cbc6cb00) Importer(815301076,1909f56bfc062723c751e8b465ee728b)  -> (artifact id: '2eed61ff437e1ae17cb03a00b81c240a') in 0.027459 seconds
Number of updated asset objects reloaded before import = 0
Number of asset objects unloaded after import = 3
========================================================================
Received Import Request.
  Time since last request: 0.000037 seconds.
  path: Assets/_PROJECT/3RD PARTY/Violet Theme Ui/Colored Icons/Gold Key.png
  artifactKey: Guid(76a0ae3b6739b9d49b8afe591137c19d) Importer(815301076,1909f56bfc062723c751e8b465ee728b)
Start importing Assets/_PROJECT/3RD PARTY/Violet Theme Ui/Colored Icons/Gold Key.png using Guid(76a0ae3b6739b9d49b8afe591137c19d) Importer(815301076,1909f56bfc062723c751e8b465ee728b)  -> (artifact id: '19fca439c5141e4dcce135b1211044d3') in 0.025060 seconds
Number of updated asset objects reloaded before import = 0
Number of asset objects unloaded after import = 3
========================================================================
Received Import Request.
  Time since last request: 0.000023 seconds.
  path: Assets/_PROJECT/3RD PARTY/Violet Theme Ui/Colored Icons/Goal.png
  artifactKey: Guid(ed3aa35479ded734b8b98f3132c71c43) Importer(815301076,1909f56bfc062723c751e8b465ee728b)
Start importing Assets/_PROJECT/3RD PARTY/Violet Theme Ui/Colored Icons/Goal.png using Guid(ed3aa35479ded734b8b98f3132c71c43) Importer(815301076,1909f56bfc062723c751e8b465ee728b)  -> (artifact id: '8bf7b1f77359a98514dde99ce1b62064') in 0.025339 seconds
Number of updated asset objects reloaded before import = 0
Number of asset objects unloaded after import = 3
========================================================================
Received Import Request.
  Time since last request: 0.000022 seconds.
  path: Assets/_PROJECT/3RD PARTY/Violet Theme Ui/Colored Icons/Gold Lock.png
  artifactKey: Guid(38ddff12778ca354e99a1f645644de56) Importer(815301076,1909f56bfc062723c751e8b465ee728b)
Start importing Assets/_PROJECT/3RD PARTY/Violet Theme Ui/Colored Icons/Gold Lock.png using Guid(38ddff12778ca354e99a1f645644de56) Importer(815301076,1909f56bfc062723c751e8b465ee728b)  -> (artifact id: '8078d023c5f29f01922c6976e302c99a') in 0.020653 seconds
Number of updated asset objects reloaded before import = 0
Number of asset objects unloaded after import = 3
Editor requested this worker to shutdown with reason: Scaling down because of idle timeout
TcpMessagingSession - receive error: operation aborted. errorcode: 995, details: Bir i parac k veya bir uygulama istei nedeniyle G/ ilemi iptal edildi.
AssetImportWorker is now disconnected from the server
Process exiting
Exiting without the bug reporter. Application will terminate with return code 0